[  154441ms] [LOG] [Fast Refresh] rebuilding @ http://localhost:3002/_next/static/chunks/afa34_next_dist_client_9206905b._.js:5949
[  154708ms] [LOG] [Fast Refresh] done in 368ms @ http://localhost:3002/_next/static/chunks/afa34_next_dist_client_9206905b._.js:5809
[  914075ms] [LOG] [Fast Refresh] rebuilding @ http://localhost:3002/_next/static/chunks/afa34_next_dist_client_9206905b._.js:5949
[  914088ms] [LOG] [Fast Refresh] done in 119ms @ http://localhost:3002/_next/static/chunks/afa34_next_dist_client_9206905b._.js:5809
[  914212ms] [LOG] [Fast Refresh] rebuilding @ http://localhost:3002/_next/static/chunks/afa34_next_dist_client_9206905b._.js:5949
[  914254ms] [LOG] [Fast Refresh] done in 37ms @ http://localhost:3002/_next/static/chunks/afa34_next_dist_client_9206905b._.js:5809
[  914357ms] [LOG] [Fast Refresh] rebuilding @ http://localhost:3002/_next/static/chunks/afa34_next_dist_client_9206905b._.js:5949
[  914373ms] [LOG] [Fast Refresh] done in 115ms @ http://localhost:3002/_next/static/chunks/afa34_next_dist_client_9206905b._.js:5809
[  923726ms] [LOG] [Fast Refresh] rebuilding @ http://localhost:3002/_next/static/chunks/afa34_next_dist_client_9206905b._.js:5949
[  923836ms] [LOG] [Fast Refresh] done in 16ms @ http://localhost:3002/_next/static/chunks/afa34_next_dist_client_9206905b._.js:5809
[  925866ms] [LOG] [Fast Refresh] rebuilding @ http://localhost:3002/_next/static/chunks/afa34_next_dist_client_9206905b._.js:5949
[  925949ms] [LOG] [Fast Refresh] done in 18ms @ http://localhost:3002/_next/static/chunks/afa34_next_dist_client_9206905b._.js:5809
[  927874ms] [LOG] [Fast Refresh] rebuilding @ http://localhost:3002/_next/static/chunks/afa34_next_dist_client_9206905b._.js:5949
[  927977ms] [LOG] [Fast Refresh] done in 22ms @ http://localhost:3002/_next/static/chunks/afa34_next_dist_client_9206905b._.js:5809
[  955183ms] [LOG] [Fast Refresh] rebuilding @ http://localhost:3002/_next/static/chunks/afa34_next_dist_client_9206905b._.js:5949
[  955210ms] [LOG] [Fast Refresh] done in 66ms @ http://localhost:3002/_next/static/chunks/afa34_next_dist_client_9206905b._.js:5809
[  992394ms] [LOG] [Fast Refresh] rebuilding @ http://localhost:3002/_next/static/chunks/afa34_next_dist_client_9206905b._.js:5949
[  992444ms] [LOG] [Fast Refresh] done in 129ms @ http://localhost:3002/_next/static/chunks/afa34_next_dist_client_9206905b._.js:5809
[ 1019720ms] [LOG] [Fast Refresh] rebuilding @ http://localhost:3002/_next/static/chunks/afa34_next_dist_client_9206905b._.js:5949
[ 1019747ms] [LOG] [Fast Refresh] done in 37ms @ http://localhost:3002/_next/static/chunks/afa34_next_dist_client_9206905b._.js:5809
[ 1033667ms] [LOG] [Fast Refresh] rebuilding @ http://localhost:3002/_next/static/chunks/afa34_next_dist_client_9206905b._.js:5949
[ 1034420ms] [LOG] [Fast Refresh] done in 787ms @ http://localhost:3002/_next/static/chunks/afa34_next_dist_client_9206905b._.js:5809
[ 1034521ms] [LOG] [Fast Refresh] rebuilding @ http://localhost:3002/_next/static/chunks/afa34_next_dist_client_9206905b._.js:5949
[ 1034522ms] [LOG] [Fast Refresh] done in 103ms @ http://localhost:3002/_next/static/chunks/afa34_next_dist_client_9206905b._.js:5809
[ 1035154ms] [LOG] [Fast Refresh] rebuilding @ http://localhost:3002/_next/static/chunks/afa34_next_dist_client_9206905b._.js:5949
[ 1035237ms] [LOG] [Fast Refresh] done in 185ms @ http://localhost:3002/_next/static/chunks/afa34_next_dist_client_9206905b._.js:5809
[ 1050069ms] [LOG] [Fast Refresh] rebuilding @ http://localhost:3002/_next/static/chunks/afa34_next_dist_client_9206905b._.js:5949
[ 1050330ms] [LOG] [Fast Refresh] done in 270ms @ http://localhost:3002/_next/static/chunks/afa34_next_dist_client_9206905b._.js:5809
[ 1053573ms] [LOG] [Fast Refresh] rebuilding @ http://localhost:3002/_next/static/chunks/afa34_next_dist_client_9206905b._.js:5949
[ 1053781ms] [LOG] [Fast Refresh] done in 185ms @ http://localhost:3002/_next/static/chunks/afa34_next_dist_client_9206905b._.js:5809
[ 1057063ms] [LOG] [Fast Refresh] rebuilding @ http://localhost:3002/_next/static/chunks/afa34_next_dist_client_9206905b._.js:5949
[ 1057093ms] [LOG] [Fast Refresh] done in 26ms @ http://localhost:3002/_next/static/chunks/afa34_next_dist_client_9206905b._.js:5809
[ 1062941ms] [LOG] [Fast Refresh] rebuilding @ http://localhost:3002/_next/static/chunks/afa34_next_dist_client_9206905b._.js:5949
[ 1063163ms] [LOG] [Fast Refresh] done in 244ms @ http://localhost:3002/_next/static/chunks/afa34_next_dist_client_9206905b._.js:5809
[ 1064964ms] [LOG] [Fast Refresh] rebuilding @ http://localhost:3002/_next/static/chunks/afa34_next_dist_client_9206905b._.js:5949
[ 1065024ms] [LOG] [Fast Refresh] done in 108ms @ http://localhost:3002/_next/static/chunks/afa34_next_dist_client_9206905b._.js:5809
[ 1078015ms] [LOG] [Fast Refresh] rebuilding @ http://localhost:3002/_next/static/chunks/afa34_next_dist_client_9206905b._.js:5949
[ 1078147ms] [LOG] [Fast Refresh] done in 96ms @ http://localhost:3002/_next/static/chunks/afa34_next_dist_client_9206905b._.js:5809
[ 1093502ms] [LOG] [Fast Refresh] rebuilding @ http://localhost:3002/_next/static/chunks/afa34_next_dist_client_9206905b._.js:5949
[ 1093949ms] [LOG] [Fast Refresh] done in 336ms @ http://localhost:3002/_next/static/chunks/afa34_next_dist_client_9206905b._.js:5809
[ 1141048ms] [LOG] [Fast Refresh] rebuilding @ http://localhost:3002/_next/static/chunks/afa34_next_dist_client_9206905b._.js:5949
[ 1141068ms] [LOG] [Fast Refresh] done in 70ms @ http://localhost:3002/_next/static/chunks/afa34_next_dist_client_9206905b._.js:5809
[ 1141230ms] [LOG] [Fast Refresh] rebuilding @ http://localhost:3002/_next/static/chunks/afa34_next_dist_client_9206905b._.js:5949
[ 1141374ms] [LOG] [Fast Refresh] done in 244ms @ http://localhost:3002/_next/static/chunks/afa34_next_dist_client_9206905b._.js:5809
[ 1181028ms] [LOG] [Fast Refresh] rebuilding @ http://localhost:3002/_next/static/chunks/afa34_next_dist_client_9206905b._.js:5949
[ 1181105ms] [LOG] [Fast Refresh] done in 178ms @ http://localhost:3002/_next/static/chunks/afa34_next_dist_client_9206905b._.js:5809
[ 1245560ms] [LOG] [Fast Refresh] rebuilding @ http://localhost:3002/_next/static/chunks/afa34_next_dist_client_9206905b._.js:5949
[ 1245586ms] [LOG] [Fast Refresh] done in 55ms @ http://localhost:3002/_next/static/chunks/afa34_next_dist_client_9206905b._.js:5809
[ 1403372ms] [LOG] [Fast Refresh] rebuilding @ http://localhost:3002/_next/static/chunks/afa34_next_dist_client_9206905b._.js:5949
[ 1403507ms] [LOG] [Fast Refresh] done in 216ms @ http://localhost:3002/_next/static/chunks/afa34_next_dist_client_9206905b._.js:5809
[ 1446266ms] [LOG] [Fast Refresh] rebuilding @ http://localhost:3002/_next/static/chunks/afa34_next_dist_client_9206905b._.js:5949
[ 1446279ms] [LOG] [Fast Refresh] done in 113ms @ http://localhost:3002/_next/static/chunks/afa34_next_dist_client_9206905b._.js:5809
[ 1607743ms] [LOG] [Fast Refresh] rebuilding @ http://localhost:3002/_next/static/chunks/afa34_next_dist_client_9206905b._.js:5949
[ 1607918ms] [LOG] [Fast Refresh] done in 108ms @ http://localhost:3002/_next/static/chunks/afa34_next_dist_client_9206905b._.js:5809
[ 1608082ms] [ERROR] Failed to load resource: the server responded with a status of 404 (Not Found) @ http://localhost:3002/?_rsc=168z3:0
[ 1608348ms] [LOG] [Fast Refresh] rebuilding @ http://localhost:3002/_next/static/chunks/afa34_next_dist_client_9206905b._.js:5949
[ 1608401ms] [LOG] [Fast Refresh] done in 154ms @ http://localhost:3002/_next/static/chunks/afa34_next_dist_client_9206905b._.js:5809
[ 1639029ms] [LOG] [Fast Refresh] rebuilding @ http://localhost:3002/_next/static/chunks/afa34_next_dist_client_9206905b._.js:5949
[ 1639369ms] [LOG] [Fast Refresh] done in 289ms @ http://localhost:3002/_next/static/chunks/afa34_next_dist_client_9206905b._.js:5809
[ 1642344ms] [LOG] [Fast Refresh] rebuilding @ http://localhost:3002/_next/static/chunks/afa34_next_dist_client_9206905b._.js:5949
[ 1642396ms] [LOG] [Fast Refresh] done in 154ms @ http://localhost:3002/_next/static/chunks/afa34_next_dist_client_9206905b._.js:5809
[ 1645855ms] [LOG] [Fast Refresh] rebuilding @ http://localhost:3002/_next/static/chunks/afa34_next_dist_client_9206905b._.js:5949
[ 1645968ms] [LOG] [Fast Refresh] done in 44ms @ http://localhost:3002/_next/static/chunks/afa34_next_dist_client_9206905b._.js:5809
[ 1660419ms] [LOG] [Fast Refresh] rebuilding @ http://localhost:3002/_next/static/chunks/afa34_next_dist_client_9206905b._.js:5949
[ 1660470ms] [LOG] [Fast Refresh] done in 151ms @ http://localhost:3002/_next/static/chunks/afa34_next_dist_client_9206905b._.js:5809
[ 1662702ms] Error: Only two keyframes currently supported with spring and inertia animations. Trying to animate 1,1.4,0.88,1.08,1. For more information and steps for solving, visit https://motion.dev/troubleshooting/spring-two-frames
    at invariant (http://localhost:3002/_next/static/chunks/node_modules__pnpm_70aef753._.js:2462:19)
    at JSAnimation.initAnimation (http://localhost:3002/_next/static/chunks/node_modules__pnpm_70aef753._.js:6828:248)
    at new JSAnimation (http://localhost:3002/_next/static/chunks/node_modules__pnpm_70aef753._.js:7156:14)
    at AsyncMotionValueAnimation.onKeyframesResolved (http://localhost:3002/_next/static/chunks/node_modules__pnpm_70aef753._.js:7545:25)
    at DOMKeyframesResolver.onComplete (http://localhost:3002/_next/static/chunks/node_modules__pnpm_70aef753._.js:7650:116)
    at DOMKeyframesResolver.complete (http://localhost:3002/_next/static/chunks/node_modules__pnpm_70aef753._.js:2403:14)
    at http://localhost:3002/_next/static/chunks/node_modules__pnpm_70aef753._.js:2340:44
    at Set.forEach (<anonymous>)
    at measureAllKeyframes (http://localhost:3002/_next/static/chunks/node_modules__pnpm_70aef753._.js:2340:15)
    at triggerCallback (http://localhost:3002/_next/static/chunks/node_modules__pnpm_70aef753._.js:2119:9)
    at Set.forEach (<anonymous>)
    at Object.process (http://localhost:3002/_next/static/chunks/node_modules__pnpm_70aef753._.js:2156:23)
    at processBatch (http://localhost:3002/_next/static/chunks/node_modules__pnpm_70aef753._.js:2218:26)
[ 1663728ms] [LOG] [Fast Refresh] rebuilding @ http://localhost:3002/_next/static/chunks/afa34_next_dist_client_9206905b._.js:5949
[ 1663829ms] [LOG] [Fast Refresh] done in 202ms @ http://localhost:3002/_next/static/chunks/afa34_next_dist_client_9206905b._.js:5809
[ 1668111ms] Error: Only two keyframes currently supported with spring and inertia animations. Trying to animate 1,1.4,0.88,1.08,1. For more information and steps for solving, visit https://motion.dev/troubleshooting/spring-two-frames
    at invariant (http://localhost:3002/_next/static/chunks/node_modules__pnpm_70aef753._.js:2462:19)
    at JSAnimation.initAnimation (http://localhost:3002/_next/static/chunks/node_modules__pnpm_70aef753._.js:6828:248)
    at new JSAnimation (http://localhost:3002/_next/static/chunks/node_modules__pnpm_70aef753._.js:7156:14)
    at AsyncMotionValueAnimation.onKeyframesResolved (http://localhost:3002/_next/static/chunks/node_modules__pnpm_70aef753._.js:7545:25)
    at DOMKeyframesResolver.onComplete (http://localhost:3002/_next/static/chunks/node_modules__pnpm_70aef753._.js:7650:116)
    at DOMKeyframesResolver.complete (http://localhost:3002/_next/static/chunks/node_modules__pnpm_70aef753._.js:2403:14)
    at http://localhost:3002/_next/static/chunks/node_modules__pnpm_70aef753._.js:2340:44
    at Set.forEach (<anonymous>)
    at measureAllKeyframes (http://localhost:3002/_next/static/chunks/node_modules__pnpm_70aef753._.js:2340:15)
    at triggerCallback (http://localhost:3002/_next/static/chunks/node_modules__pnpm_70aef753._.js:2119:9)
    at Set.forEach (<anonymous>)
    at Object.process (http://localhost:3002/_next/static/chunks/node_modules__pnpm_70aef753._.js:2156:23)
    at processBatch (http://localhost:3002/_next/static/chunks/node_modules__pnpm_70aef753._.js:2218:26)
[ 1869829ms] [LOG] [Fast Refresh] rebuilding @ http://localhost:3002/_next/static/chunks/afa34_next_dist_client_9206905b._.js:5949
[ 1870967ms] [LOG] [Fast Refresh] done in 1180ms @ http://localhost:3002/_next/static/chunks/afa34_next_dist_client_9206905b._.js:5809
[ 1966738ms] [LOG] [Fast Refresh] rebuilding @ http://localhost:3002/_next/static/chunks/afa34_next_dist_client_9206905b._.js:5949
[ 1967316ms] [LOG] [Fast Refresh] done in 558ms @ http://localhost:3002/_next/static/chunks/afa34_next_dist_client_9206905b._.js:5809
[ 1967427ms] [LOG] [Fast Refresh] rebuilding @ http://localhost:3002/_next/static/chunks/afa34_next_dist_client_9206905b._.js:5949
[ 1967487ms] [LOG] [Fast Refresh] done in 161ms @ http://localhost:3002/_next/static/chunks/afa34_next_dist_client_9206905b._.js:5809
[ 1983671ms] Error: Only two keyframes currently supported with spring and inertia animations. Trying to animate 1,1.4,0.88,1.08,1. For more information and steps for solving, visit https://motion.dev/troubleshooting/spring-two-frames
    at invariant (http://localhost:3002/_next/static/chunks/node_modules__pnpm_e4a45d2e._.js:2462:19)
    at JSAnimation.initAnimation (http://localhost:3002/_next/static/chunks/node_modules__pnpm_e4a45d2e._.js:6828:248)
    at new JSAnimation (http://localhost:3002/_next/static/chunks/node_modules__pnpm_e4a45d2e._.js:7156:14)
    at AsyncMotionValueAnimation.onKeyframesResolved (http://localhost:3002/_next/static/chunks/node_modules__pnpm_e4a45d2e._.js:7545:25)
    at DOMKeyframesResolver.onComplete (http://localhost:3002/_next/static/chunks/node_modules__pnpm_e4a45d2e._.js:7650:116)
    at DOMKeyframesResolver.complete (http://localhost:3002/_next/static/chunks/node_modules__pnpm_e4a45d2e._.js:2403:14)
    at http://localhost:3002/_next/static/chunks/node_modules__pnpm_e4a45d2e._.js:2340:44
    at Set.forEach (<anonymous>)
    at measureAllKeyframes (http://localhost:3002/_next/static/chunks/node_modules__pnpm_e4a45d2e._.js:2340:15)
    at triggerCallback (http://localhost:3002/_next/static/chunks/node_modules__pnpm_e4a45d2e._.js:2119:9)
    at Set.forEach (<anonymous>)
    at Object.process (http://localhost:3002/_next/static/chunks/node_modules__pnpm_e4a45d2e._.js:2156:23)
    at processBatch (http://localhost:3002/_next/static/chunks/node_modules__pnpm_e4a45d2e._.js:2218:26)
[ 1992155ms] [LOG] [Fast Refresh] rebuilding @ http://localhost:3002/_next/static/chunks/afa34_next_dist_client_9206905b._.js:5949
[ 1992175ms] [LOG] [Fast Refresh] done in 122ms @ http://localhost:3002/_next/static/chunks/afa34_next_dist_client_9206905b._.js:5809
[ 2011122ms] [LOG] [Fast Refresh] rebuilding @ http://localhost:3002/_next/static/chunks/afa34_next_dist_client_9206905b._.js:5949
[ 2011233ms] [LOG] [Fast Refresh] done in 187ms @ http://localhost:3002/_next/static/chunks/afa34_next_dist_client_9206905b._.js:5809
[ 2040577ms] [LOG] [Fast Refresh] rebuilding @ http://localhost:3002/_next/static/chunks/afa34_next_dist_client_9206905b._.js:5949
[ 2040626ms] [LOG] [Fast Refresh] done in 78ms @ http://localhost:3002/_next/static/chunks/afa34_next_dist_client_9206905b._.js:5809
[ 2148872ms] [LOG] [Fast Refresh] rebuilding @ http://localhost:3002/_next/static/chunks/afa34_next_dist_client_9206905b._.js:5949
[ 2148989ms] [LOG] [Fast Refresh] done in 200ms @ http://localhost:3002/_next/static/chunks/afa34_next_dist_client_9206905b._.js:5809
[ 2158360ms] Error: Only two keyframes currently supported with spring and inertia animations. Trying to animate 1,1.4,0.88,1.08,1. For more information and steps for solving, visit https://motion.dev/troubleshooting/spring-two-frames
    at invariant (http://localhost:3002/_next/static/chunks/node_modules__pnpm_e4a45d2e._.js:2462:19)
    at JSAnimation.initAnimation (http://localhost:3002/_next/static/chunks/node_modules__pnpm_e4a45d2e._.js:6828:248)
    at new JSAnimation (http://localhost:3002/_next/static/chunks/node_modules__pnpm_e4a45d2e._.js:7156:14)
    at AsyncMotionValueAnimation.onKeyframesResolved (http://localhost:3002/_next/static/chunks/node_modules__pnpm_e4a45d2e._.js:7545:25)
    at DOMKeyframesResolver.onComplete (http://localhost:3002/_next/static/chunks/node_modules__pnpm_e4a45d2e._.js:7650:116)
    at DOMKeyframesResolver.complete (http://localhost:3002/_next/static/chunks/node_modules__pnpm_e4a45d2e._.js:2403:14)
    at http://localhost:3002/_next/static/chunks/node_modules__pnpm_e4a45d2e._.js:2340:44
    at Set.forEach (<anonymous>)
    at measureAllKeyframes (http://localhost:3002/_next/static/chunks/node_modules__pnpm_e4a45d2e._.js:2340:15)
    at triggerCallback (http://localhost:3002/_next/static/chunks/node_modules__pnpm_e4a45d2e._.js:2119:9)
    at Set.forEach (<anonymous>)
    at Object.process (http://localhost:3002/_next/static/chunks/node_modules__pnpm_e4a45d2e._.js:2156:23)
    at processBatch (http://localhost:3002/_next/static/chunks/node_modules__pnpm_e4a45d2e._.js:2218:26)
[ 2188945ms] [LOG] [Fast Refresh] rebuilding @ http://localhost:3002/_next/static/chunks/afa34_next_dist_client_9206905b._.js:5949
[ 2188975ms] [LOG] [Fast Refresh] done in 131ms @ http://localhost:3002/_next/static/chunks/afa34_next_dist_client_9206905b._.js:5809
[ 2198719ms] [LOG] [Fast Refresh] rebuilding @ http://localhost:3002/_next/static/chunks/afa34_next_dist_client_9206905b._.js:5949
[ 2198767ms] [LOG] [Fast Refresh] done in 149ms @ http://localhost:3002/_next/static/chunks/afa34_next_dist_client_9206905b._.js:5809
[ 2199199ms] [LOG] [Fast Refresh] rebuilding @ http://localhost:3002/_next/static/chunks/afa34_next_dist_client_9206905b._.js:5949
[ 2199201ms] [LOG] [Fast Refresh] done in 102ms @ http://localhost:3002/_next/static/chunks/afa34_next_dist_client_9206905b._.js:5809
[ 2213434ms] [LOG] [Fast Refresh] rebuilding @ http://localhost:3002/_next/static/chunks/afa34_next_dist_client_9206905b._.js:5949
[ 2213462ms] [LOG] [Fast Refresh] done in 69ms @ http://localhost:3002/_next/static/chunks/afa34_next_dist_client_9206905b._.js:5809
[ 2228385ms] [LOG] [Fast Refresh] rebuilding @ http://localhost:3002/_next/static/chunks/afa34_next_dist_client_9206905b._.js:5949
[ 2229381ms] [LOG] [Fast Refresh] done in 1074ms @ http://localhost:3002/_next/static/chunks/afa34_next_dist_client_9206905b._.js:5809
[ 2250526ms] [LOG] [Fast Refresh] rebuilding @ http://localhost:3002/_next/static/chunks/afa34_next_dist_client_9206905b._.js:5949
[ 2250564ms] [LOG] [Fast Refresh] done in 48ms @ http://localhost:3002/_next/static/chunks/afa34_next_dist_client_9206905b._.js:5809
[ 2255480ms] [LOG] [Fast Refresh] rebuilding @ http://localhost:3002/_next/static/chunks/afa34_next_dist_client_9206905b._.js:5949
[ 2255493ms] [LOG] [Fast Refresh] done in 115ms @ http://localhost:3002/_next/static/chunks/afa34_next_dist_client_9206905b._.js:5809
[ 2259204ms] [LOG] [Fast Refresh] rebuilding @ http://localhost:3002/_next/static/chunks/afa34_next_dist_client_9206905b._.js:5949
[ 2259312ms] [LOG] [Fast Refresh] done in 209ms @ http://localhost:3002/_next/static/chunks/afa34_next_dist_client_9206905b._.js:5809
[ 2266336ms] [LOG] [Fast Refresh] rebuilding @ http://localhost:3002/_next/static/chunks/afa34_next_dist_client_9206905b._.js:5949
[ 2266393ms] [LOG] [Fast Refresh] done in 158ms @ http://localhost:3002/_next/static/chunks/afa34_next_dist_client_9206905b._.js:5809
[ 2266826ms] Error: Hydration failed because the server rendered text didn't match the client. As a result this tree will be regenerated on the client. This can happen if a SSR-ed Client Component used:

- A server/client branch `if (typeof window !== 'undefined')`.
- Variable input such as `Date.now()` or `Math.random()` which changes each time it's called.
- Date formatting in a user's locale which doesn't match the server.
- External changing data without sending a snapshot of it along with the HTML.
- Invalid HTML tag nesting.

It can also happen if the client has a browser extension installed which messes with the HTML before React loaded.

https://react.dev/link/hydration-mismatch

  ...
    <LoadingBoundary loading={null}>
      <HTTPAccessFallbackBoundary notFound={undefined} forbidden={undefined} unauthorized={undefined}>
        <RedirectBoundary>
          <RedirectErrorBoundary router={{...}}>
            <InnerLayoutRouter url="/checkout/..." tree={[...]} cacheNode={{lazyData:null, ...}} segmentPath={[...]}>
              <SegmentViewNode type="page" pagePath="/apps/web/...">
                <SegmentTrieNode>
                <ClientPageRoot Component={function CheckoutSuccessPage} searchParams={{}} params={{}}>
                  <CheckoutSuccessPage params={Promise} searchParams={Promise}>
                    <div className="flex flex-...">
                      <motion.div>
                      <motion.h1>
                      <motion.p>
                      <motion.div initial={{y:10,opacity:0}} animate={{y:0,opacity:1}} transition={{delay:0.3}} ...>
                        <div className="mb-12 w-fu..." style={{opacity:0, ...}} ref={function useMotionRef.useCallback}>
                          <p>
                          <p className="font-headi...">
+                           46720042
-                           46719793
                      ...
              ...
            ...

    at throwOnHydrationMismatch (http://localhost:3002/_next/static/chunks/afa34_next_dist_compiled_react-dom_df9b25ef._.js:2892:56)
    at completeWork (http://localhost:3002/_next/static/chunks/afa34_next_dist_compiled_react-dom_df9b25ef._.js:6427:36)
    at runWithFiberInDEV (http://localhost:3002/_next/static/chunks/afa34_next_dist_compiled_react-dom_df9b25ef._.js:886:74)
    at completeUnitOfWork (http://localhost:3002/_next/static/chunks/afa34_next_dist_compiled_react-dom_df9b25ef._.js:8363:23)
    at performUnitOfWork (http://localhost:3002/_next/static/chunks/afa34_next_dist_compiled_react-dom_df9b25ef._.js:8300:28)
    at workLoopConcurrentByScheduler (http://localhost:3002/_next/static/chunks/afa34_next_dist_compiled_react-dom_df9b25ef._.js:8294:58)
    at renderRootConcurrent (http://localhost:3002/_next/static/chunks/afa34_next_dist_compiled_react-dom_df9b25ef._.js:8276:71)
    at performWorkOnRoot (http://localhost:3002/_next/static/chunks/afa34_next_dist_compiled_react-dom_df9b25ef._.js:7908:176)
    at performWorkOnRootViaSchedulerTask (http://localhost:3002/_next/static/chunks/afa34_next_dist_compiled_react-dom_df9b25ef._.js:8882:9)
    at MessagePort.performWorkUntilDeadline (http://localhost:3002/_next/static/chunks/afa34_next_dist_compiled_ed284df6._.js:2601:64)
[ 2272245ms] [ERROR] Failed to load resource: the server responded with a status of 404 (Not Found) @ http://localhost:3002/account/orders?_rsc=vb5jx:0
[ 2272378ms] [ERROR] Failed to load resource: the server responded with a status of 404 (Not Found) @ http://localhost:3002/account/orders:0
[ 2274037ms] [ERROR] Each child in a list should have a unique "key" prop.%s%s See https://react.dev/link/warning-keys for more information. 

Check the render method of `ForwardRef(motion.div)`.  @ http://localhost:3002/_next/static/chunks/afa34_next_dist_ac59402a._.js:2359
[ 2319279ms] Error: Only two keyframes currently supported with spring and inertia animations. Trying to animate 1,1.4,0.88,1.08,1. For more information and steps for solving, visit https://motion.dev/troubleshooting/spring-two-frames
    at invariant (http://localhost:3002/_next/static/chunks/node_modules__pnpm_e4a45d2e._.js:2462:19)
    at JSAnimation.initAnimation (http://localhost:3002/_next/static/chunks/node_modules__pnpm_e4a45d2e._.js:6828:248)
    at new JSAnimation (http://localhost:3002/_next/static/chunks/node_modules__pnpm_e4a45d2e._.js:7156:14)
    at AsyncMotionValueAnimation.onKeyframesResolved (http://localhost:3002/_next/static/chunks/node_modules__pnpm_e4a45d2e._.js:7545:25)
    at DOMKeyframesResolver.onComplete (http://localhost:3002/_next/static/chunks/node_modules__pnpm_e4a45d2e._.js:7650:116)
    at DOMKeyframesResolver.complete (http://localhost:3002/_next/static/chunks/node_modules__pnpm_e4a45d2e._.js:2403:14)
    at http://localhost:3002/_next/static/chunks/node_modules__pnpm_e4a45d2e._.js:2340:44
    at Set.forEach (<anonymous>)
    at measureAllKeyframes (http://localhost:3002/_next/static/chunks/node_modules__pnpm_e4a45d2e._.js:2340:15)
    at triggerCallback (http://localhost:3002/_next/static/chunks/node_modules__pnpm_e4a45d2e._.js:2119:9)
    at Set.forEach (<anonymous>)
    at Object.process (http://localhost:3002/_next/static/chunks/node_modules__pnpm_e4a45d2e._.js:2156:23)
    at processBatch (http://localhost:3002/_next/static/chunks/node_modules__pnpm_e4a45d2e._.js:2218:26)
[ 2339361ms] [LOG] [Fast Refresh] rebuilding @ http://localhost:3002/_next/static/chunks/afa34_next_dist_client_9206905b._.js:5949
[ 2339387ms] [LOG] [Fast Refresh] done in 107ms @ http://localhost:3002/_next/static/chunks/afa34_next_dist_client_9206905b._.js:5809
[ 2351010ms] [LOG] [Fast Refresh] rebuilding @ http://localhost:3002/_next/static/chunks/afa34_next_dist_client_9206905b._.js:5949
[ 2351036ms] [LOG] [Fast Refresh] done in 34ms @ http://localhost:3002/_next/static/chunks/afa34_next_dist_client_9206905b._.js:5809
[ 2398042ms] [LOG] [Fast Refresh] rebuilding @ http://localhost:3002/_next/static/chunks/afa34_next_dist_client_9206905b._.js:5949
[ 2398068ms] [LOG] [Fast Refresh] done in 48ms @ http://localhost:3002/_next/static/chunks/afa34_next_dist_client_9206905b._.js:5809
[ 2414856ms] [WARNING] [HMR] Invalid message: {"isTrusted":true}
TypeError: Cannot convert undefined or null to object
    at Object.keys (<anonymous>)
    at extractModulesFromTurbopackMessage (http://localhost:3002/_next/static/chunks/afa34_next_dist_client_9206905b._.js:5974:39)
    at TurbopackHmr.onTurbopackMessage (http://localhost:3002/_next/static/chunks/afa34_next_dist_client_9206905b._.js:5872:32)
    at processMessage (http://localhost:3002/_next/static/chunks/afa34_next_dist_client_9206905b._.js:6276:30)
    at WebSocket.handler (http://localhost:3002/_next/static/chunks/afa34_next_dist_client_9206905b._.js:6417:17) @ http://localhost:3002/_next/static/chunks/afa34_next_dist_client_9206905b._.js:5602
[ 2417220ms] [LOG] [Fast Refresh] done in 2906ms @ http://localhost:3002/_next/static/chunks/afa34_next_dist_client_9206905b._.js:5809
[ 2417355ms] [ERROR] Failed to load resource: the server responded with a status of 500 (Internal Server Error) @ http://localhost:3002/?_rsc=1kuyk:0
[ 2417527ms] [LOG] [Fast Refresh] rebuilding @ http://localhost:3002/_next/static/chunks/afa34_next_dist_client_9206905b._.js:5949
[ 2417550ms] [LOG] [Fast Refresh] done in 124ms @ http://localhost:3002/_next/static/chunks/afa34_next_dist_client_9206905b._.js:5809
[ 2417833ms] [LOG] [Fast Refresh] rebuilding @ http://localhost:3002/_next/static/chunks/afa34_next_dist_client_9206905b._.js:5949
[ 2417854ms] [LOG] [Fast Refresh] done in 123ms @ http://localhost:3002/_next/static/chunks/afa34_next_dist_client_9206905b._.js:5809
[ 2417972ms] [LOG] [Fast Refresh] rebuilding @ http://localhost:3002/_next/static/chunks/afa34_next_dist_client_9206905b._.js:5949
[ 2418016ms] [LOG] [Fast Refresh] done in 144ms @ http://localhost:3002/_next/static/chunks/afa34_next_dist_client_9206905b._.js:5809
[ 2418206ms] [LOG] [Fast Refresh] rebuilding @ http://localhost:3002/_next/static/chunks/afa34_next_dist_client_9206905b._.js:5949
[ 2418288ms] [LOG] [Fast Refresh] done in 181ms @ http://localhost:3002/_next/static/chunks/afa34_next_dist_client_9206905b._.js:5809
[ 2418390ms] [LOG] [Fast Refresh] rebuilding @ http://localhost:3002/_next/static/chunks/afa34_next_dist_client_9206905b._.js:5949
[ 2418654ms] [LOG] [Fast Refresh] done in 364ms @ http://localhost:3002/_next/static/chunks/afa34_next_dist_client_9206905b._.js:5809
[ 2418758ms] [LOG] [Fast Refresh] rebuilding @ http://localhost:3002/_next/static/chunks/afa34_next_dist_client_9206905b._.js:5949
[ 2418846ms] [LOG] [Fast Refresh] done in 190ms @ http://localhost:3002/_next/static/chunks/afa34_next_dist_client_9206905b._.js:5809
[ 2419153ms] [LOG] [Fast Refresh] rebuilding @ http://localhost:3002/_next/static/chunks/afa34_next_dist_client_9206905b._.js:5949
[ 2419196ms] [LOG] [Fast Refresh] done in 144ms @ http://localhost:3002/_next/static/chunks/afa34_next_dist_client_9206905b._.js:5809
[ 2419617ms] [LOG] [Fast Refresh] rebuilding @ http://localhost:3002/_next/static/chunks/afa34_next_dist_client_9206905b._.js:5949
[ 2419728ms] [LOG] [Fast Refresh] done in 212ms @ http://localhost:3002/_next/static/chunks/afa34_next_dist_client_9206905b._.js:5809
[ 2422976ms] Error: Only two keyframes currently supported with spring and inertia animations. Trying to animate 1,1.4,0.88,1.08,1. For more information and steps for solving, visit https://motion.dev/troubleshooting/spring-two-frames
    at invariant (http://localhost:3002/_next/static/chunks/node_modules__pnpm_e4a45d2e._.js:2462:19)
    at JSAnimation.initAnimation (http://localhost:3002/_next/static/chunks/node_modules__pnpm_e4a45d2e._.js:6828:248)
    at new JSAnimation (http://localhost:3002/_next/static/chunks/node_modules__pnpm_e4a45d2e._.js:7156:14)
    at AsyncMotionValueAnimation.onKeyframesResolved (http://localhost:3002/_next/static/chunks/node_modules__pnpm_e4a45d2e._.js:7545:25)
    at DOMKeyframesResolver.onComplete (http://localhost:3002/_next/static/chunks/node_modules__pnpm_e4a45d2e._.js:7650:116)
    at DOMKeyframesResolver.complete (http://localhost:3002/_next/static/chunks/node_modules__pnpm_e4a45d2e._.js:2403:14)
    at http://localhost:3002/_next/static/chunks/node_modules__pnpm_e4a45d2e._.js:2340:44
    at Set.forEach (<anonymous>)
    at measureAllKeyframes (http://localhost:3002/_next/static/chunks/node_modules__pnpm_e4a45d2e._.js:2340:15)
    at triggerCallback (http://localhost:3002/_next/static/chunks/node_modules__pnpm_e4a45d2e._.js:2119:9)
    at Set.forEach (<anonymous>)
    at Object.process (http://localhost:3002/_next/static/chunks/node_modules__pnpm_e4a45d2e._.js:2156:23)
    at processBatch (http://localhost:3002/_next/static/chunks/node_modules__pnpm_e4a45d2e._.js:2218:26)
[ 2430029ms] [LOG] [Fast Refresh] rebuilding @ http://localhost:3002/_next/static/chunks/afa34_next_dist_client_9206905b._.js:5949
[ 2430053ms] [LOG] [Fast Refresh] done in 80ms @ http://localhost:3002/_next/static/chunks/afa34_next_dist_client_9206905b._.js:5809
[ 2440953ms] [LOG] [Fast Refresh] rebuilding @ http://localhost:3002/_next/static/chunks/afa34_next_dist_client_9206905b._.js:5949
[ 2441017ms] [LOG] [Fast Refresh] done in 161ms @ http://localhost:3002/_next/static/chunks/afa34_next_dist_client_9206905b._.js:5809
[ 2443116ms] [LOG] [Fast Refresh] rebuilding @ http://localhost:3002/_next/static/chunks/afa34_next_dist_client_9206905b._.js:5949
[ 2443214ms] [LOG] [Fast Refresh] done in 173ms @ http://localhost:3002/_next/static/chunks/afa34_next_dist_client_9206905b._.js:5809
[ 2443246ms] [LOG] [Fast Refresh] rebuilding @ http://localhost:3002/_next/static/chunks/afa34_next_dist_client_9206905b._.js:5949
[ 2443288ms] [LOG] [Fast Refresh] done in 36ms @ http://localhost:3002/_next/static/chunks/afa34_next_dist_client_9206905b._.js:5809
[ 2443438ms] [LOG] [Fast Refresh] rebuilding @ http://localhost:3002/_next/static/chunks/afa34_next_dist_client_9206905b._.js:5949
[ 2444080ms] [LOG] [Fast Refresh] done in 743ms @ http://localhost:3002/_next/static/chunks/afa34_next_dist_client_9206905b._.js:5809
[ 2464763ms] [LOG] [Fast Refresh] rebuilding @ http://localhost:3002/_next/static/chunks/afa34_next_dist_client_9206905b._.js:5949
[ 2464787ms] [LOG] [Fast Refresh] done in 66ms @ http://localhost:3002/_next/static/chunks/afa34_next_dist_client_9206905b._.js:5809
[ 2512119ms] [LOG] [Fast Refresh] rebuilding @ http://localhost:3002/_next/static/chunks/afa34_next_dist_client_9206905b._.js:5949
[ 2512267ms] [LOG] [Fast Refresh] done in 141ms @ http://localhost:3002/_next/static/chunks/afa34_next_dist_client_9206905b._.js:5809
[ 9386797ms] [LOG] [Fast Refresh] rebuilding @ http://localhost:3002/_next/static/chunks/afa34_next_dist_client_9206905b._.js:5949
[ 9388323ms] [LOG] [Fast Refresh] done in 1275ms @ http://localhost:3002/_next/static/chunks/afa34_next_dist_client_9206905b._.js:5809
[ 9388402ms] [ERROR] Each child in a list should have a unique "key" prop.%s%s See https://react.dev/link/warning-keys for more information. 

Check the render method of `ForwardRef(motion.div)`.  @ http://localhost:3002/_next/static/chunks/afa34_next_dist_ac59402a._.js:2359
[ 9388531ms] [LOG] [Fast Refresh] rebuilding @ http://localhost:3002/_next/static/chunks/afa34_next_dist_client_9206905b._.js:5949
[ 9388646ms] [LOG] [Fast Refresh] done in 253ms @ http://localhost:3002/_next/static/chunks/afa34_next_dist_client_9206905b._.js:5809
[ 9389851ms] [LOG] [Fast Refresh] rebuilding @ http://localhost:3002/_next/static/chunks/afa34_next_dist_client_9206905b._.js:5949
[ 9389860ms] [LOG] [Fast Refresh] done in 111ms @ http://localhost:3002/_next/static/chunks/afa34_next_dist_client_9206905b._.js:5809
[ 9465400ms] [LOG] [Fast Refresh] rebuilding @ http://localhost:3002/_next/static/chunks/afa34_next_dist_client_9206905b._.js:5949
[ 9465808ms] [ERROR] ./apps/web/app/(shop)/page.tsx:8:1
Module not found: Can't resolve '@/stores/cart-store'
   6 | import { BestOffersGrid } from '@/components/home/best-offers';
   7 | import { ProductCard, type ProductCardData } from '@/components/shared/product-card';
>  8 | import { useCartStore } from '@/stores/cart-store';
     | ^^^^^^^^^^^^^^^^^^^^^^^^^^^^^^^^^^^^^^^^^^^^^^^^^^^
   9 |
  10 | const CATEGORIES = ['Makanan', 'Aksesoris', 'Obat & Vitamin', 'Kandang', 'Grooming', 'Frozen'];
  11 |

Import map: aliased to relative './stores/cart-store' inside of [project]/apps/web

Import traces:
  Client Component Browser:
    ./apps/web/app/(shop)/page.tsx [Client Component Browser]
    ./apps/web/app/(shop)/page.tsx [Server Component]

  Client Component SSR:
    ./apps/web/app/(shop)/page.tsx [Client Component SSR]
    ./apps/web/app/(shop)/page.tsx [Server Component]

https://nextjs.org/docs/messages/module-not-found @ http://localhost:3002/_next/static/chunks/afa34_next_dist_ac59402a._.js:2359
[ 9465822ms] [LOG] {file: Object} @ http://localhost:3002/_next/static/chunks/afa34_next_dist_compiled_next-devtools_index_bee77074.js:16058
[ 9487845ms] [ERROR] ./apps/web/app/(shop)/page.tsx:8:1
Module not found: Can't resolve '@/stores/cart-store'
   6 | import { BestOffersGrid } from '@/components/home/best-offers';
   7 | import { ProductCard, type ProductCardData } from '@/components/shared/product-card';
>  8 | import { useCartStore } from '@/stores/cart-store';
     | ^^^^^^^^^^^^^^^^^^^^^^^^^^^^^^^^^^^^^^^^^^^^^^^^^^^
   9 |
  10 | const CATEGORIES = ['Makanan', 'Aksesoris', 'Obat & Vitamin', 'Kandang', 'Grooming', 'Frozen'];
  11 |

Import map: aliased to relative './stores/cart-store' inside of [project]/apps/web

Import traces:
  Client Component Browser:
    ./apps/web/app/(shop)/page.tsx [Client Component Browser]
    ./apps/web/app/(shop)/page.tsx [Server Component]

  Client Component SSR:
    ./apps/web/app/(shop)/page.tsx [Client Component SSR]
    ./apps/web/app/(shop)/page.tsx [Server Component]

https://nextjs.org/docs/messages/module-not-found @ http://localhost:3002/_next/static/chunks/afa34_next_dist_ac59402a._.js:2359
[ 9487890ms] [ERROR] Failed to load resource: the server responded with a status of 500 (Internal Server Error) @ http://localhost:3002/:0
[ 9488062ms] Error: ./apps/web/app/(shop)/page.tsx:8:1
Module not found: Can't resolve '@/stores/cart-store'
   6 | import { BestOffersGrid } from '@/components/home/best-offers';
   7 | import { ProductCard, type ProductCardData } from '@/components/shared/product-card';
>  8 | import { useCartStore } from '@/stores/cart-store';
     | ^^^^^^^^^^^^^^^^^^^^^^^^^^^^^^^^^^^^^^^^^^^^^^^^^^^
   9 |
  10 | const CATEGORIES = ['Makanan', 'Aksesoris', 'Obat & Vitamin', 'Kandang', 'Grooming', 'Frozen'];
  11 |

Import map: aliased to relative './stores/cart-store' inside of [project]/apps/web


Import traces:
  Client Component Browser:
    ./apps/web/app/(shop)/page.tsx [Client Component Browser]
    ./apps/web/app/(shop)/page.tsx [Server Component]

  Client Component SSR:
    ./apps/web/app/(shop)/page.tsx [Client Component SSR]
    ./apps/web/app/(shop)/page.tsx [Server Component]

https://nextjs.org/docs/messages/module-not-found


    at <unknown> (Error: ./apps/web/app/(shop)/page.tsx:8:1)
    at <unknown> (https://nextjs.org/docs/messages/module-not-found)
    at Object.getCompilationErrors (file:///Users/jhordideamarall/Projects/Petshop/node_modules/.pnpm/next@15.5.15_@babel+core@7.29.0_react-dom@19.2.5_react@19.2.5__react@19.2.5/node_modules/next/dist/server/dev/hot-reloader-turbopack.js:775:59)
    at DevBundlerService.getCompilationError (file:///Users/jhordideamarall/Projects/Petshop/node_modules/.pnpm/next@15.5.15_@babel+core@7.29.0_react-dom@19.2.5_react@19.2.5__react@19.2.5/node_modules/next/dist/server/lib/dev-bundler-service.js:39:55)
    at DevServer.getCompilationError (file:///Users/jhordideamarall/Projects/Petshop/node_modules/.pnpm/next@15.5.15_@babel+core@7.29.0_react-dom@19.2.5_react@19.2.5__react@19.2.5/node_modules/next/dist/server/dev/next-dev-server.js:721:42)
    at DevServer.findPageComponents (file:///Users/jhordideamarall/Projects/Petshop/node_modules/.pnpm/next@15.5.15_@babel+core@7.29.0_react-dom@19.2.5_react@19.2.5__react@19.2.5/node_modules/next/dist/server/dev/next-dev-server.js:691:43)
    at async DevServer.renderErrorToResponseImpl (file:///Users/jhordideamarall/Projects/Petshop/node_modules/.pnpm/next@15.5.15_@babel+core@7.29.0_react-dom@19.2.5_react@19.2.5__react@19.2.5/node_modules/next/dist/server/base-server.js:1687:26)
[ 9488073ms] [LOG] [HMR] connected @ http://localhost:3002/_next/static/chunks/afa34_next_dist_client_7f1caea4._.js?ts=1777753941173:2207
[ 9488088ms] [ERROR] ./apps/web/app/(shop)/page.tsx:8:1
Module not found: Can't resolve '@/stores/cart-store'
   6 | import { BestOffersGrid } from '@/components/home/best-offers';
   7 | import { ProductCard, type ProductCardData } from '@/components/shared/product-card';
>  8 | import { useCartStore } from '@/stores/cart-store';
     | ^^^^^^^^^^^^^^^^^^^^^^^^^^^^^^^^^^^^^^^^^^^^^^^^^^^
   9 |
  10 | const CATEGORIES = ['Makanan', 'Aksesoris', 'Obat & Vitamin', 'Kandang', 'Grooming', 'Frozen'];
  11 |

Import map: aliased to relative './stores/cart-store' inside of [project]/apps/web

Import traces:
  Client Component Browser:
    ./apps/web/app/(shop)/page.tsx [Client Component Browser]
    ./apps/web/app/(shop)/page.tsx [Server Component]

  Client Component SSR:
    ./apps/web/app/(shop)/page.tsx [Client Component SSR]
    ./apps/web/app/(shop)/page.tsx [Server Component]

https://nextjs.org/docs/messages/module-not-found @ http://localhost:3002/_next/static/chunks/afa34_next_dist_26f1e6f1._.js?ts=1777753941173:1747
[ 9488092ms] [LOG] {file: Object} @ http://localhost:3002/_next/static/chunks/afa34_next_dist_compiled_next-devtools_index_688777fc.js?ts=1777753941173:16058
[ 9488130ms] [ERROR] ./apps/web/app/(shop)/page.tsx:8:1
Module not found: Can't resolve '@/stores/cart-store'
   6 | import { BestOffersGrid } from '@/components/home/best-offers';
   7 | import { ProductCard, type ProductCardData } from '@/components/shared/product-card';
>  8 | import { useCartStore } from '@/stores/cart-store';
     | ^^^^^^^^^^^^^^^^^^^^^^^^^^^^^^^^^^^^^^^^^^^^^^^^^^^
   9 |
  10 | const CATEGORIES = ['Makanan', 'Aksesoris', 'Obat & Vitamin', 'Kandang', 'Grooming', 'Frozen'];
  11 |

Import map: aliased to relative './stores/cart-store' inside of [project]/apps/web

Import traces:
  Client Component Browser:
    ./apps/web/app/(shop)/page.tsx [Client Component Browser]
    ./apps/web/app/(shop)/page.tsx [Server Component]

  Client Component SSR:
    ./apps/web/app/(shop)/page.tsx [Client Component SSR]
    ./apps/web/app/(shop)/page.tsx [Server Component]

https://nextjs.org/docs/messages/module-not-found @ http://localhost:3002/_next/static/chunks/afa34_next_dist_26f1e6f1._.js?ts=1777753941173:1747
[ 9488207ms] [LOG] [Fast Refresh] rebuilding @ http://localhost:3002/_next/static/chunks/afa34_next_dist_client_7f1caea4._.js?ts=1777753941173:2495
[ 9543053ms] [ERROR] Failed to load resource: the server responded with a status of 500 (Internal Server Error) @ http://localhost:3002/:0
[ 9543178ms] Error: ./apps/web/app/(shop)/page.tsx:8:1
Module not found: Can't resolve '@/stores/cart-store'
   6 | import { BestOffersGrid } from '@/components/home/best-offers';
   7 | import { ProductCard, type ProductCardData } from '@/components/shared/product-card';
>  8 | import { useCartStore } from '@/stores/cart-store';
     | ^^^^^^^^^^^^^^^^^^^^^^^^^^^^^^^^^^^^^^^^^^^^^^^^^^^
   9 |
  10 | const CATEGORIES = ['Makanan', 'Aksesoris', 'Obat & Vitamin', 'Kandang', 'Grooming', 'Frozen'];
  11 |

Import map: aliased to relative './stores/cart-store' inside of [project]/apps/web


Import traces:
  Client Component Browser:
    ./apps/web/app/(shop)/page.tsx [Client Component Browser]
    ./apps/web/app/(shop)/page.tsx [Server Component]

  Client Component SSR:
    ./apps/web/app/(shop)/page.tsx [Client Component SSR]
    ./apps/web/app/(shop)/page.tsx [Server Component]

https://nextjs.org/docs/messages/module-not-found


    at <unknown> (Error: ./apps/web/app/(shop)/page.tsx:8:1)
    at <unknown> (https://nextjs.org/docs/messages/module-not-found)
    at Object.getCompilationErrors (file:///Users/jhordideamarall/Projects/Petshop/node_modules/.pnpm/next@15.5.15_@babel+core@7.29.0_react-dom@19.2.5_react@19.2.5__react@19.2.5/node_modules/next/dist/server/dev/hot-reloader-turbopack.js:775:59)
    at DevBundlerService.getCompilationError (file:///Users/jhordideamarall/Projects/Petshop/node_modules/.pnpm/next@15.5.15_@babel+core@7.29.0_react-dom@19.2.5_react@19.2.5__react@19.2.5/node_modules/next/dist/server/lib/dev-bundler-service.js:39:55)
    at DevServer.getCompilationError (file:///Users/jhordideamarall/Projects/Petshop/node_modules/.pnpm/next@15.5.15_@babel+core@7.29.0_react-dom@19.2.5_react@19.2.5__react@19.2.5/node_modules/next/dist/server/dev/next-dev-server.js:721:42)
    at DevServer.findPageComponents (file:///Users/jhordideamarall/Projects/Petshop/node_modules/.pnpm/next@15.5.15_@babel+core@7.29.0_react-dom@19.2.5_react@19.2.5__react@19.2.5/node_modules/next/dist/server/dev/next-dev-server.js:691:43)
    at async DevServer.renderErrorToResponseImpl (file:///Users/jhordideamarall/Projects/Petshop/node_modules/.pnpm/next@15.5.15_@babel+core@7.29.0_react-dom@19.2.5_react@19.2.5__react@19.2.5/node_modules/next/dist/server/base-server.js:1687:26)
[ 9543183ms] [LOG] [HMR] connected @ http://localhost:3002/_next/static/chunks/afa34_next_dist_client_7f1caea4._.js?ts=1777753996343:2207
[ 9543202ms] [ERROR] ./apps/web/app/(shop)/page.tsx:8:1
Module not found: Can't resolve '@/stores/cart-store'
   6 | import { BestOffersGrid } from '@/components/home/best-offers';
   7 | import { ProductCard, type ProductCardData } from '@/components/shared/product-card';
>  8 | import { useCartStore } from '@/stores/cart-store';
     | ^^^^^^^^^^^^^^^^^^^^^^^^^^^^^^^^^^^^^^^^^^^^^^^^^^^
   9 |
  10 | const CATEGORIES = ['Makanan', 'Aksesoris', 'Obat & Vitamin', 'Kandang', 'Grooming', 'Frozen'];
  11 |

Import map: aliased to relative './stores/cart-store' inside of [project]/apps/web

Import traces:
  Client Component Browser:
    ./apps/web/app/(shop)/page.tsx [Client Component Browser]
    ./apps/web/app/(shop)/page.tsx [Server Component]

  Client Component SSR:
    ./apps/web/app/(shop)/page.tsx [Client Component SSR]
    ./apps/web/app/(shop)/page.tsx [Server Component]

https://nextjs.org/docs/messages/module-not-found @ http://localhost:3002/_next/static/chunks/afa34_next_dist_26f1e6f1._.js?ts=1777753996343:1747
[ 9543208ms] [LOG] {file: Object} @ http://localhost:3002/_next/static/chunks/afa34_next_dist_compiled_next-devtools_index_688777fc.js?ts=1777753996343:16058
[ 9543314ms] [ERROR] ./apps/web/app/(shop)/page.tsx:8:1
Module not found: Can't resolve '@/stores/cart-store'
   6 | import { BestOffersGrid } from '@/components/home/best-offers';
   7 | import { ProductCard, type ProductCardData } from '@/components/shared/product-card';
>  8 | import { useCartStore } from '@/stores/cart-store';
     | ^^^^^^^^^^^^^^^^^^^^^^^^^^^^^^^^^^^^^^^^^^^^^^^^^^^
   9 |
  10 | const CATEGORIES = ['Makanan', 'Aksesoris', 'Obat & Vitamin', 'Kandang', 'Grooming', 'Frozen'];
  11 |

Import map: aliased to relative './stores/cart-store' inside of [project]/apps/web

Import traces:
  Client Component Browser:
    ./apps/web/app/(shop)/page.tsx [Client Component Browser]
    ./apps/web/app/(shop)/page.tsx [Server Component]

  Client Component SSR:
    ./apps/web/app/(shop)/page.tsx [Client Component SSR]
    ./apps/web/app/(shop)/page.tsx [Server Component]

https://nextjs.org/docs/messages/module-not-found @ http://localhost:3002/_next/static/chunks/afa34_next_dist_26f1e6f1._.js?ts=1777753996343:1747
[ 9543346ms] [LOG] [Fast Refresh] rebuilding @ http://localhost:3002/_next/static/chunks/afa34_next_dist_client_7f1caea4._.js?ts=1777753996343:2495
[ 9577588ms] [LOG] [Fast Refresh] rebuilding @ http://localhost:3002/_next/static/chunks/afa34_next_dist_client_7f1caea4._.js?ts=1777753996343:2495
[ 9578043ms] [LOG] [Fast Refresh] done in 433ms @ http://localhost:3002/_next/static/chunks/afa34_next_dist_client_7f1caea4._.js?ts=1777753996343:2355
[ 9580387ms] [LOG] [Fast Refresh] rebuilding @ http://localhost:3002/_next/static/chunks/afa34_next_dist_client_9206905b._.js:5949
[ 9580489ms] [LOG] [Fast Refresh] done in 204ms @ http://localhost:3002/_next/static/chunks/afa34_next_dist_client_9206905b._.js:5809
[ 9602149ms] [LOG] [Fast Refresh] rebuilding @ http://localhost:3002/_next/static/chunks/afa34_next_dist_client_9206905b._.js:5949
[ 9602211ms] [LOG] [Fast Refresh] done in 108ms @ http://localhost:3002/_next/static/chunks/afa34_next_dist_client_9206905b._.js:5809
[ 9614591ms] [LOG] [Fast Refresh] rebuilding @ http://localhost:3002/_next/static/chunks/afa34_next_dist_client_9206905b._.js:5949
[ 9614634ms] [LOG] [Fast Refresh] done in 145ms @ http://localhost:3002/_next/static/chunks/afa34_next_dist_client_9206905b._.js:5809
[ 9626883ms] [LOG] [Fast Refresh] rebuilding @ http://localhost:3002/_next/static/chunks/afa34_next_dist_client_9206905b._.js:5949
[ 9627123ms] [LOG] [Fast Refresh] done in 341ms @ http://localhost:3002/_next/static/chunks/afa34_next_dist_client_9206905b._.js:5809
[ 9737035ms] [LOG] [Fast Refresh] rebuilding @ http://localhost:3002/_next/static/chunks/afa34_next_dist_client_9206905b._.js:5949
[ 9737091ms] [LOG] [Fast Refresh] done in 223ms @ http://localhost:3002/_next/static/chunks/afa34_next_dist_client_9206905b._.js:5809
[ 9737568ms] [ERROR] Each child in a list should have a unique "key" prop.%s%s See https://react.dev/link/warning-keys for more information. 

Check the render method of `ForwardRef(motion.div)`.  @ http://localhost:3002/_next/static/chunks/afa34_next_dist_ac59402a._.js:2359
[ 9737578ms] [ERROR] Failed to load resource: the server responded with a status of 404 (Not Found) @ http://localhost:3002/favicon.ico:0
[ 9744691ms] Error: Only two keyframes currently supported with spring and inertia animations. Trying to animate 1,1.4,0.88,1.08,1. For more information and steps for solving, visit https://motion.dev/troubleshooting/spring-two-frames
    at invariant (http://localhost:3002/_next/static/chunks/node_modules__pnpm_e4a45d2e._.js:2462:19)
    at JSAnimation.initAnimation (http://localhost:3002/_next/static/chunks/node_modules__pnpm_e4a45d2e._.js:6828:248)
    at new JSAnimation (http://localhost:3002/_next/static/chunks/node_modules__pnpm_e4a45d2e._.js:7156:14)
    at AsyncMotionValueAnimation.onKeyframesResolved (http://localhost:3002/_next/static/chunks/node_modules__pnpm_e4a45d2e._.js:7545:25)
    at DOMKeyframesResolver.onComplete (http://localhost:3002/_next/static/chunks/node_modules__pnpm_e4a45d2e._.js:7650:116)
    at DOMKeyframesResolver.complete (http://localhost:3002/_next/static/chunks/node_modules__pnpm_e4a45d2e._.js:2403:14)
    at http://localhost:3002/_next/static/chunks/node_modules__pnpm_e4a45d2e._.js:2340:44
    at Set.forEach (<anonymous>)
    at measureAllKeyframes (http://localhost:3002/_next/static/chunks/node_modules__pnpm_e4a45d2e._.js:2340:15)
    at triggerCallback (http://localhost:3002/_next/static/chunks/node_modules__pnpm_e4a45d2e._.js:2119:9)
    at Set.forEach (<anonymous>)
    at Object.process (http://localhost:3002/_next/static/chunks/node_modules__pnpm_e4a45d2e._.js:2156:23)
    at processBatch (http://localhost:3002/_next/static/chunks/node_modules__pnpm_e4a45d2e._.js:2218:26)
[ 9751369ms] [LOG] [Fast Refresh] rebuilding @ http://localhost:3002/_next/static/chunks/afa34_next_dist_client_9206905b._.js:5949
[ 9751444ms] [LOG] [Fast Refresh] done in 176ms @ http://localhost:3002/_next/static/chunks/afa34_next_dist_client_9206905b._.js:5809
[ 9998209ms] [LOG] [Fast Refresh] rebuilding @ http://localhost:3002/_next/static/chunks/afa34_next_dist_client_9206905b._.js:5949
[ 9998397ms] [LOG] [Fast Refresh] done in 219ms @ http://localhost:3002/_next/static/chunks/afa34_next_dist_client_9206905b._.js:5809
[10129269ms] [LOG] [Fast Refresh] rebuilding @ http://localhost:3002/_next/static/chunks/afa34_next_dist_client_9206905b._.js:5949
[10130611ms] [LOG] [Fast Refresh] done in 1009ms @ http://localhost:3002/_next/static/chunks/afa34_next_dist_client_9206905b._.js:5809
[10130836ms] [LOG] [Fast Refresh] rebuilding @ http://localhost:3002/_next/static/chunks/afa34_next_dist_client_9206905b._.js:5949
[10131525ms] [LOG] [Fast Refresh] done in 790ms @ http://localhost:3002/_next/static/chunks/afa34_next_dist_client_9206905b._.js:5809
[10139851ms] [LOG] [Fast Refresh] rebuilding @ http://localhost:3002/_next/static/chunks/afa34_next_dist_client_9206905b._.js:5949
[10139886ms] [LOG] [Fast Refresh] done in 119ms @ http://localhost:3002/_next/static/chunks/afa34_next_dist_client_9206905b._.js:5809
[10141242ms] [LOG] [Fast Refresh] rebuilding @ http://localhost:3002/_next/static/chunks/afa34_next_dist_client_9206905b._.js:5949
[10141245ms] [LOG] [Fast Refresh] done in 104ms @ http://localhost:3002/_next/static/chunks/afa34_next_dist_client_9206905b._.js:5809
[10151302ms] [LOG] [Fast Refresh] rebuilding @ http://localhost:3002/_next/static/chunks/afa34_next_dist_client_9206905b._.js:5949
[10151459ms] [LOG] [Fast Refresh] done in 220ms @ http://localhost:3002/_next/static/chunks/afa34_next_dist_client_9206905b._.js:5809
[10166653ms] [LOG] [Fast Refresh] rebuilding @ http://localhost:3002/_next/static/chunks/afa34_next_dist_client_9206905b._.js:5949
[10167171ms] Error: Only two keyframes currently supported with spring and inertia animations. Trying to animate 1,1.5,1. For more information and steps for solving, visit https://motion.dev/troubleshooting/spring-two-frames
    at invariant (http://localhost:3002/_next/static/chunks/node_modules__pnpm_1a689fe1._.js:1131:19)
    at JSAnimation.initAnimation (http://localhost:3002/_next/static/chunks/node_modules__pnpm_1a689fe1._.js:5497:248)
    at new JSAnimation (http://localhost:3002/_next/static/chunks/node_modules__pnpm_1a689fe1._.js:5825:14)
    at AsyncMotionValueAnimation.onKeyframesResolved (http://localhost:3002/_next/static/chunks/node_modules__pnpm_1a689fe1._.js:6214:25)
    at DOMKeyframesResolver.onComplete (http://localhost:3002/_next/static/chunks/node_modules__pnpm_1a689fe1._.js:6319:116)
    at DOMKeyframesResolver.complete (http://localhost:3002/_next/static/chunks/node_modules__pnpm_1a689fe1._.js:1072:14)
    at http://localhost:3002/_next/static/chunks/node_modules__pnpm_1a689fe1._.js:1009:44
    at Set.forEach (<anonymous>)
    at measureAllKeyframes (http://localhost:3002/_next/static/chunks/node_modules__pnpm_1a689fe1._.js:1009:15)
    at triggerCallback (http://localhost:3002/_next/static/chunks/node_modules__pnpm_1a689fe1._.js:788:9)
    at Set.forEach (<anonymous>)
    at Object.process (http://localhost:3002/_next/static/chunks/node_modules__pnpm_1a689fe1._.js:825:23)
    at processBatch (http://localhost:3002/_next/static/chunks/node_modules__pnpm_1a689fe1._.js:887:26)
[10167305ms] [LOG] [Fast Refresh] done in 405ms @ http://localhost:3002/_next/static/chunks/afa34_next_dist_client_9206905b._.js:5809
[10167451ms] [LOG] [Fast Refresh] rebuilding @ http://localhost:3002/_next/static/chunks/afa34_next_dist_client_9206905b._.js:5949
[10167715ms] [LOG] [Fast Refresh] done in 364ms @ http://localhost:3002/_next/static/chunks/afa34_next_dist_client_9206905b._.js:5809
[10168141ms] Error: Only two keyframes currently supported with spring and inertia animations. Trying to animate 1,1.5,1. For more information and steps for solving, visit https://motion.dev/troubleshooting/spring-two-frames
    at invariant (http://localhost:3002/_next/static/chunks/node_modules__pnpm_1a689fe1._.js:1131:19)
    at JSAnimation.initAnimation (http://localhost:3002/_next/static/chunks/node_modules__pnpm_1a689fe1._.js:5497:248)
    at new JSAnimation (http://localhost:3002/_next/static/chunks/node_modules__pnpm_1a689fe1._.js:5825:14)
    at AsyncMotionValueAnimation.onKeyframesResolved (http://localhost:3002/_next/static/chunks/node_modules__pnpm_1a689fe1._.js:6214:25)
    at DOMKeyframesResolver.onComplete (http://localhost:3002/_next/static/chunks/node_modules__pnpm_1a689fe1._.js:6319:116)
    at DOMKeyframesResolver.complete (http://localhost:3002/_next/static/chunks/node_modules__pnpm_1a689fe1._.js:1072:14)
    at http://localhost:3002/_next/static/chunks/node_modules__pnpm_1a689fe1._.js:1009:44
    at Set.forEach (<anonymous>)
    at measureAllKeyframes (http://localhost:3002/_next/static/chunks/node_modules__pnpm_1a689fe1._.js:1009:15)
    at triggerCallback (http://localhost:3002/_next/static/chunks/node_modules__pnpm_1a689fe1._.js:788:9)
    at Set.forEach (<anonymous>)
    at Object.process (http://localhost:3002/_next/static/chunks/node_modules__pnpm_1a689fe1._.js:825:23)
    at processBatch (http://localhost:3002/_next/static/chunks/node_modules__pnpm_1a689fe1._.js:887:26)
[10198979ms] [LOG] [Fast Refresh] rebuilding @ http://localhost:3002/_next/static/chunks/afa34_next_dist_client_9206905b._.js:5949
[10199011ms] [LOG] [Fast Refresh] done in 84ms @ http://localhost:3002/_next/static/chunks/afa34_next_dist_client_9206905b._.js:5809
[10274824ms] [LOG] [Fast Refresh] rebuilding @ http://localhost:3002/_next/static/chunks/afa34_next_dist_client_9206905b._.js:5949
[10275013ms] [LOG] [Fast Refresh] done in 233ms @ http://localhost:3002/_next/static/chunks/afa34_next_dist_client_9206905b._.js:5809
[10307924ms] [LOG] [Fast Refresh] rebuilding @ http://localhost:3002/_next/static/chunks/afa34_next_dist_client_9206905b._.js:5949
[10308030ms] [LOG] [Fast Refresh] done in 207ms @ http://localhost:3002/_next/static/chunks/afa34_next_dist_client_9206905b._.js:5809
[10308599ms] Error: Only two keyframes currently supported with spring and inertia animations. Trying to animate 1,1.5,1. For more information and steps for solving, visit https://motion.dev/troubleshooting/spring-two-frames
    at invariant (http://localhost:3002/_next/static/chunks/node_modules__pnpm_1a689fe1._.js:1131:19)
    at JSAnimation.initAnimation (http://localhost:3002/_next/static/chunks/node_modules__pnpm_1a689fe1._.js:5497:248)
    at new JSAnimation (http://localhost:3002/_next/static/chunks/node_modules__pnpm_1a689fe1._.js:5825:14)
    at AsyncMotionValueAnimation.onKeyframesResolved (http://localhost:3002/_next/static/chunks/node_modules__pnpm_1a689fe1._.js:6214:25)
    at DOMKeyframesResolver.onComplete (http://localhost:3002/_next/static/chunks/node_modules__pnpm_1a689fe1._.js:6319:116)
    at DOMKeyframesResolver.complete (http://localhost:3002/_next/static/chunks/node_modules__pnpm_1a689fe1._.js:1072:14)
    at http://localhost:3002/_next/static/chunks/node_modules__pnpm_1a689fe1._.js:1009:44
    at Set.forEach (<anonymous>)
    at measureAllKeyframes (http://localhost:3002/_next/static/chunks/node_modules__pnpm_1a689fe1._.js:1009:15)
    at triggerCallback (http://localhost:3002/_next/static/chunks/node_modules__pnpm_1a689fe1._.js:788:9)
    at Set.forEach (<anonymous>)
    at Object.process (http://localhost:3002/_next/static/chunks/node_modules__pnpm_1a689fe1._.js:825:23)
    at processBatch (http://localhost:3002/_next/static/chunks/node_modules__pnpm_1a689fe1._.js:887:26)
[10903118ms] [LOG] [Fast Refresh] rebuilding @ http://localhost:3002/_next/static/chunks/afa34_next_dist_client_9206905b._.js:5949
[10903600ms] Error: Only two keyframes currently supported with spring and inertia animations. Trying to animate 1,1.5,1. For more information and steps for solving, visit https://motion.dev/troubleshooting/spring-two-frames
    at invariant (http://localhost:3002/_next/static/chunks/node_modules__pnpm_1a689fe1._.js:1131:19)
    at JSAnimation.initAnimation (http://localhost:3002/_next/static/chunks/node_modules__pnpm_1a689fe1._.js:5497:248)
    at new JSAnimation (http://localhost:3002/_next/static/chunks/node_modules__pnpm_1a689fe1._.js:5825:14)
    at AsyncMotionValueAnimation.onKeyframesResolved (http://localhost:3002/_next/static/chunks/node_modules__pnpm_1a689fe1._.js:6214:25)
    at DOMKeyframesResolver.onComplete (http://localhost:3002/_next/static/chunks/node_modules__pnpm_1a689fe1._.js:6319:116)
    at DOMKeyframesResolver.complete (http://localhost:3002/_next/static/chunks/node_modules__pnpm_1a689fe1._.js:1072:14)
    at http://localhost:3002/_next/static/chunks/node_modules__pnpm_1a689fe1._.js:1009:44
    at Set.forEach (<anonymous>)
    at measureAllKeyframes (http://localhost:3002/_next/static/chunks/node_modules__pnpm_1a689fe1._.js:1009:15)
    at triggerCallback (http://localhost:3002/_next/static/chunks/node_modules__pnpm_1a689fe1._.js:788:9)
    at Set.forEach (<anonymous>)
    at Object.process (http://localhost:3002/_next/static/chunks/node_modules__pnpm_1a689fe1._.js:825:23)
    at processBatch (http://localhost:3002/_next/static/chunks/node_modules__pnpm_1a689fe1._.js:887:26)
[10904050ms] [LOG] [Fast Refresh] done in 579ms @ http://localhost:3002/_next/static/chunks/afa34_next_dist_client_9206905b._.js:5809
[10904163ms] [LOG] [Fast Refresh] rebuilding @ http://localhost:3002/_next/static/chunks/afa34_next_dist_client_9206905b._.js:5949
[10904352ms] [LOG] [Fast Refresh] done in 290ms @ http://localhost:3002/_next/static/chunks/afa34_next_dist_client_9206905b._.js:5809
[10905198ms] Error: Only two keyframes currently supported with spring and inertia animations. Trying to animate 1,1.5,1. For more information and steps for solving, visit https://motion.dev/troubleshooting/spring-two-frames
    at invariant (http://localhost:3002/_next/static/chunks/node_modules__pnpm_1a689fe1._.js:1131:19)
    at JSAnimation.initAnimation (http://localhost:3002/_next/static/chunks/node_modules__pnpm_1a689fe1._.js:5497:248)
    at new JSAnimation (http://localhost:3002/_next/static/chunks/node_modules__pnpm_1a689fe1._.js:5825:14)
    at AsyncMotionValueAnimation.onKeyframesResolved (http://localhost:3002/_next/static/chunks/node_modules__pnpm_1a689fe1._.js:6214:25)
    at DOMKeyframesResolver.onComplete (http://localhost:3002/_next/static/chunks/node_modules__pnpm_1a689fe1._.js:6319:116)
    at DOMKeyframesResolver.complete (http://localhost:3002/_next/static/chunks/node_modules__pnpm_1a689fe1._.js:1072:14)
    at http://localhost:3002/_next/static/chunks/node_modules__pnpm_1a689fe1._.js:1009:44
    at Set.forEach (<anonymous>)
    at measureAllKeyframes (http://localhost:3002/_next/static/chunks/node_modules__pnpm_1a689fe1._.js:1009:15)
    at triggerCallback (http://localhost:3002/_next/static/chunks/node_modules__pnpm_1a689fe1._.js:788:9)
    at Set.forEach (<anonymous>)
    at Object.process (http://localhost:3002/_next/static/chunks/node_modules__pnpm_1a689fe1._.js:825:23)
    at processBatch (http://localhost:3002/_next/static/chunks/node_modules__pnpm_1a689fe1._.js:887:26)
[10938617ms] [LOG] [Fast Refresh] rebuilding @ http://localhost:3002/_next/static/chunks/afa34_next_dist_client_9206905b._.js:5949
[10938651ms] [LOG] [Fast Refresh] done in 55ms @ http://localhost:3002/_next/static/chunks/afa34_next_dist_client_9206905b._.js:5809
[10982212ms] [LOG] [Fast Refresh] rebuilding @ http://localhost:3002/_next/static/chunks/afa34_next_dist_client_9206905b._.js:5949
[10982691ms] [LOG] [Fast Refresh] done in 319ms @ http://localhost:3002/_next/static/chunks/afa34_next_dist_client_9206905b._.js:5809
[10982845ms] [LOG] [Fast Refresh] rebuilding @ http://localhost:3002/_next/static/chunks/afa34_next_dist_client_9206905b._.js:5949
[10983010ms] [LOG] [Fast Refresh] done in 267ms @ http://localhost:3002/_next/static/chunks/afa34_next_dist_client_9206905b._.js:5809
[11030270ms] [LOG] [Fast Refresh] rebuilding @ http://localhost:3002/_next/static/chunks/afa34_next_dist_client_9206905b._.js:5949
[11030293ms] [LOG] [Fast Refresh] done in 61ms @ http://localhost:3002/_next/static/chunks/afa34_next_dist_client_9206905b._.js:5809
[11065048ms] [LOG] [Fast Refresh] rebuilding @ http://localhost:3002/_next/static/chunks/afa34_next_dist_client_9206905b._.js:5949
[11065087ms] [LOG] [Fast Refresh] done in 76ms @ http://localhost:3002/_next/static/chunks/afa34_next_dist_client_9206905b._.js:5809
[11261306ms] [LOG] [Fast Refresh] rebuilding @ http://localhost:3002/_next/static/chunks/afa34_next_dist_client_9206905b._.js:5949
[11261469ms] [LOG] [Fast Refresh] done in 227ms @ http://localhost:3002/_next/static/chunks/afa34_next_dist_client_9206905b._.js:5809
[11404729ms] [LOG] [Fast Refresh] rebuilding @ http://localhost:3002/_next/static/chunks/afa34_next_dist_client_9206905b._.js:5949
[11404782ms] [LOG] [Fast Refresh] done in 50ms @ http://localhost:3002/_next/static/chunks/afa34_next_dist_client_9206905b._.js:5809
[11412602ms] [LOG] [Fast Refresh] rebuilding @ http://localhost:3002/_next/static/chunks/afa34_next_dist_client_9206905b._.js:5949
[11412651ms] [LOG] [Fast Refresh] done in 150ms @ http://localhost:3002/_next/static/chunks/afa34_next_dist_client_9206905b._.js:5809
[11460329ms] [LOG] [Fast Refresh] rebuilding @ http://localhost:3002/_next/static/chunks/afa34_next_dist_client_9206905b._.js:5949
[11460359ms] [LOG] [Fast Refresh] done in 44ms @ http://localhost:3002/_next/static/chunks/afa34_next_dist_client_9206905b._.js:5809
[11468662ms] [LOG] [Fast Refresh] rebuilding @ http://localhost:3002/_next/static/chunks/afa34_next_dist_client_9206905b._.js:5949
[11468721ms] [LOG] [Fast Refresh] done in 160ms @ http://localhost:3002/_next/static/chunks/afa34_next_dist_client_9206905b._.js:5809
[11478519ms] [ERROR] Failed to load resource: the server responded with a status of 404 (Not Found) @ http://localhost:3002/favicon.ico:0
[11498260ms] [LOG] [Fast Refresh] rebuilding @ http://localhost:3002/_next/static/chunks/afa34_next_dist_client_9206905b._.js:5949
[11498332ms] [LOG] [Fast Refresh] done in 134ms @ http://localhost:3002/_next/static/chunks/afa34_next_dist_client_9206905b._.js:5809
[11563227ms] [LOG] [Fast Refresh] rebuilding @ http://localhost:3002/_next/static/chunks/afa34_next_dist_client_9206905b._.js:5949
[11563285ms] [LOG] [Fast Refresh] done in 126ms @ http://localhost:3002/_next/static/chunks/afa34_next_dist_client_9206905b._.js:5809
[11676666ms] [LOG] [Fast Refresh] rebuilding @ http://localhost:3002/_next/static/chunks/afa34_next_dist_client_9206905b._.js:5949
[11676700ms] [LOG] [Fast Refresh] done in 101ms @ http://localhost:3002/_next/static/chunks/afa34_next_dist_client_9206905b._.js:5809
[11706765ms] [LOG] [Fast Refresh] rebuilding @ http://localhost:3002/_next/static/chunks/afa34_next_dist_client_9206905b._.js:5949
[11706831ms] [LOG] [Fast Refresh] done in 166ms @ http://localhost:3002/_next/static/chunks/afa34_next_dist_client_9206905b._.js:5809
[11707321ms] [LOG] [Fast Refresh] rebuilding @ http://localhost:3002/_next/static/chunks/afa34_next_dist_client_9206905b._.js:5949
[11707348ms] [LOG] [Fast Refresh] done in 52ms @ http://localhost:3002/_next/static/chunks/afa34_next_dist_client_9206905b._.js:5809
[11745815ms] [LOG] [Fast Refresh] rebuilding @ http://localhost:3002/_next/static/chunks/afa34_next_dist_client_9206905b._.js:5949
[11745861ms] [LOG] [Fast Refresh] done in 60ms @ http://localhost:3002/_next/static/chunks/afa34_next_dist_client_9206905b._.js:5809
[11904021ms] [LOG] [Fast Refresh] rebuilding @ http://localhost:3002/_next/static/chunks/afa34_next_dist_client_9206905b._.js:5949
[11904112ms] [LOG] [Fast Refresh] done in 162ms @ http://localhost:3002/_next/static/chunks/afa34_next_dist_client_9206905b._.js:5809
[12089144ms] [LOG] [Fast Refresh] rebuilding @ http://localhost:3002/_next/static/chunks/afa34_next_dist_client_9206905b._.js:5949
[12089193ms] [LOG] [Fast Refresh] done in 149ms @ http://localhost:3002/_next/static/chunks/afa34_next_dist_client_9206905b._.js:5809
[12093706ms] [LOG] [Fast Refresh] rebuilding @ http://localhost:3002/_next/static/chunks/afa34_next_dist_client_9206905b._.js:5949
[12093733ms] [LOG] [Fast Refresh] done in 127ms @ http://localhost:3002/_next/static/chunks/afa34_next_dist_client_9206905b._.js:5809
[12099618ms] [LOG] [Fast Refresh] rebuilding @ http://localhost:3002/_next/static/chunks/afa34_next_dist_client_9206905b._.js:5949
[12099649ms] [LOG] [Fast Refresh] done in 131ms @ http://localhost:3002/_next/static/chunks/afa34_next_dist_client_9206905b._.js:5809
[13104068ms] [LOG] [Fast Refresh] rebuilding @ http://localhost:3002/_next/static/chunks/afa34_next_dist_client_9206905b._.js:5949
[13172530ms] [LOG] [Fast Refresh] rebuilding @ http://localhost:3002/_next/static/chunks/afa34_next_dist_client_9206905b._.js:5949
[13173697ms] [LOG] [Fast Refresh] done in 1066ms @ http://localhost:3002/_next/static/chunks/afa34_next_dist_client_9206905b._.js:5809
[13173851ms] [LOG] [Fast Refresh] rebuilding @ http://localhost:3002/_next/static/chunks/afa34_next_dist_client_9206905b._.js:5949
[13174052ms] [LOG] [Fast Refresh] done in 302ms @ http://localhost:3002/_next/static/chunks/afa34_next_dist_client_9206905b._.js:5809
[13174784ms] [LOG] [Fast Refresh] rebuilding @ http://localhost:3002/_next/static/chunks/afa34_next_dist_client_9206905b._.js:5949
[13174814ms] [LOG] [Fast Refresh] done in 130ms @ http://localhost:3002/_next/static/chunks/afa34_next_dist_client_9206905b._.js:5809
[13188073ms] [LOG] [Fast Refresh] rebuilding @ http://localhost:3002/_next/static/chunks/afa34_next_dist_client_9206905b._.js:5949
[13188171ms] [LOG] [Fast Refresh] done in 176ms @ http://localhost:3002/_next/static/chunks/afa34_next_dist_client_9206905b._.js:5809
[13188279ms] [LOG] [Fast Refresh] rebuilding @ http://localhost:3002/_next/static/chunks/afa34_next_dist_client_9206905b._.js:5949
[13188354ms] [ERROR] Failed to load resource: the server responded with a status of 404 (Not Found) @ http://localhost:3002/?_rsc=168z3:0
[13188363ms] [LOG] [Fast Refresh] done in 184ms @ http://localhost:3002/_next/static/chunks/afa34_next_dist_client_9206905b._.js:5809
