[     285ms] [INFO] %cDownload the React DevTools for a better development experience: https://react.dev/link/react-devtools font-weight:bold @ http://localhost:3000/_next/static/chunks/afa34_next_dist_compiled_react-dom_df9b25ef._.js:14537
[   72794ms] [INFO] %cDownload the React DevTools for a better development experience: https://react.dev/link/react-devtools font-weight:bold @ http://localhost:3000/_next/static/chunks/afa34_next_dist_compiled_react-dom_df9b25ef._.js:14537
[   72839ms] [WARNING] Image with src "https://images.unsplash.com/photo-1629909613654-28e377c37b09?w=800&q=80" has "fill" but is missing "sizes" prop. Please add it to improve page performance. Read more: https://nextjs.org/docs/api-reference/next/image#sizes @ http://localhost:3000/_next/static/chunks/afa34_next_dist_ac59402a._.js:968
[   72839ms] [WARNING] Image with src "https://images.unsplash.com/photo-1583337130417-3346a1be7dee?w=800&q=80" has "fill" but is missing "sizes" prop. Please add it to improve page performance. Read more: https://nextjs.org/docs/api-reference/next/image#sizes @ http://localhost:3000/_next/static/chunks/afa34_next_dist_ac59402a._.js:968
[   74802ms] [INFO] %cDownload the React DevTools for a better development experience: https://react.dev/link/react-devtools font-weight:bold @ http://localhost:3000/_next/static/chunks/afa34_next_dist_compiled_react-dom_df9b25ef._.js:14537
[  137800ms] [INFO] %cDownload the React DevTools for a better development experience: https://react.dev/link/react-devtools font-weight:bold @ http://localhost:3000/_next/static/chunks/afa34_next_dist_compiled_react-dom_df9b25ef._.js:14537
[  143706ms] [INFO] %cDownload the React DevTools for a better development experience: https://react.dev/link/react-devtools font-weight:bold @ http://localhost:3000/_next/static/chunks/afa34_next_dist_compiled_react-dom_df9b25ef._.js:14537
[  145356ms] [INFO] %cDownload the React DevTools for a better development experience: https://react.dev/link/react-devtools font-weight:bold @ http://localhost:3000/_next/static/chunks/afa34_next_dist_compiled_react-dom_df9b25ef._.js:14537
[  148393ms] [INFO] %cDownload the React DevTools for a better development experience: https://react.dev/link/react-devtools font-weight:bold @ http://localhost:3000/_next/static/chunks/afa34_next_dist_compiled_react-dom_df9b25ef._.js:14537
[  148424ms] [WARNING] Image with src "https://images.unsplash.com/photo-1514888286974-6c03e2ca1dba?auto=format&fit=crop&w=800&q=80" was detected as the Largest Contentful Paint (LCP). Please add the "priority" property if this image is above the fold.
Read more: https://nextjs.org/docs/api-reference/next/image#priority @ http://localhost:3000/_next/static/chunks/afa34_next_dist_ac59402a._.js:968
[  148433ms] [WARNING] Image with src "https://images.unsplash.com/photo-1514888286974-6c03e2ca1dba?auto=format&fit=crop&w=800&q=80" has "fill" but is missing "sizes" prop. Please add it to improve page performance. Read more: https://nextjs.org/docs/api-reference/next/image#sizes @ http://localhost:3000/_next/static/chunks/afa34_next_dist_ac59402a._.js:968
[  148433ms] [WARNING] Image with src "https://images.unsplash.com/photo-1587300003388-59208cc962cb?w=800&q=80" has "fill" but is missing "sizes" prop. Please add it to improve page performance. Read more: https://nextjs.org/docs/api-reference/next/image#sizes @ http://localhost:3000/_next/static/chunks/afa34_next_dist_ac59402a._.js:968
[  149561ms] [INFO] %cDownload the React DevTools for a better development experience: https://react.dev/link/react-devtools font-weight:bold @ http://localhost:3000/_next/static/chunks/afa34_next_dist_compiled_react-dom_df9b25ef._.js:14537
[  153788ms] [INFO] %cDownload the React DevTools for a better development experience: https://react.dev/link/react-devtools font-weight:bold @ http://localhost:3000/_next/static/chunks/afa34_next_dist_compiled_react-dom_df9b25ef._.js:14537
[  155974ms] [INFO] %cDownload the React DevTools for a better development experience: https://react.dev/link/react-devtools font-weight:bold @ http://localhost:3000/_next/static/chunks/afa34_next_dist_compiled_react-dom_df9b25ef._.js:14537
[  158478ms] [INFO] %cDownload the React DevTools for a better development experience: https://react.dev/link/react-devtools font-weight:bold @ http://localhost:3000/_next/static/chunks/afa34_next_dist_compiled_react-dom_df9b25ef._.js:14537
[  159458ms] [INFO] %cDownload the React DevTools for a better development experience: https://react.dev/link/react-devtools font-weight:bold @ http://localhost:3000/_next/static/chunks/afa34_next_dist_compiled_react-dom_df9b25ef._.js:14537
[  162563ms] [WARNING] The resource http://localhost:3000/_next/image?url=https%3A%2F%2Fimages.unsplash.com%2Fphoto-1583337130417-3346a1be7dee%3Fw%3D800%26q%3D80&w=256&q=75 was preloaded using link preload but not used within a few seconds from the window's load event. Please make sure it has an appropriate `as` value and it is preloaded intentionally. @ http://localhost:3000/:0
[  162563ms] [WARNING] The resource http://localhost:3000/_next/image?url=https%3A%2F%2Fimages.unsplash.com%2Fphoto-1514888286974-6c03e2ca1dba%3Fauto%3Dformat%26fit%3Dcrop%26w%3D800%26q%3D80&w=256&q=75 was preloaded using link preload but not used within a few seconds from the window's load event. Please make sure it has an appropriate `as` value and it is preloaded intentionally. @ http://localhost:3000/:0
[  162563ms] [WARNING] The resource http://localhost:3000/_next/image?url=https%3A%2F%2Fimages.unsplash.com%2Fphoto-1548546738-8509cb246ed3%3Fw%3D800%26q%3D80&w=256&q=75 was preloaded using link preload but not used within a few seconds from the window's load event. Please make sure it has an appropriate `as` value and it is preloaded intentionally. @ http://localhost:3000/:0
[  163252ms] [INFO] %cDownload the React DevTools for a better development experience: https://react.dev/link/react-devtools font-weight:bold @ http://localhost:3000/_next/static/chunks/afa34_next_dist_compiled_react-dom_df9b25ef._.js:14537
[  164327ms] [INFO] %cDownload the React DevTools for a better development experience: https://react.dev/link/react-devtools font-weight:bold @ http://localhost:3000/_next/static/chunks/afa34_next_dist_compiled_react-dom_df9b25ef._.js:14537
[  168552ms] [INFO] %cDownload the React DevTools for a better development experience: https://react.dev/link/react-devtools font-weight:bold @ http://localhost:3000/_next/static/chunks/afa34_next_dist_compiled_react-dom_df9b25ef._.js:14537
[  168800ms] [WARNING] Image with src "https://images.unsplash.com/photo-1544161513-0179fe746fd5?w=800&q=80" has "fill" but is missing "sizes" prop. Please add it to improve page performance. Read more: https://nextjs.org/docs/api-reference/next/image#sizes @ http://localhost:3000/_next/static/chunks/afa34_next_dist_ac59402a._.js:968
[  168824ms] [WARNING] Image with src "https://images.unsplash.com/photo-1544161513-0179fe746fd5?w=800&q=80" was detected as the Largest Contentful Paint (LCP). Please add the "priority" property if this image is above the fold.
Read more: https://nextjs.org/docs/api-reference/next/image#priority @ http://localhost:3000/_next/static/chunks/afa34_next_dist_ac59402a._.js:968
[  172725ms] [INFO] %cDownload the React DevTools for a better development experience: https://react.dev/link/react-devtools font-weight:bold @ http://localhost:3000/_next/static/chunks/afa34_next_dist_compiled_react-dom_df9b25ef._.js:14537
[  172951ms] [LOG] [Fast Refresh] rebuilding @ http://localhost:3000/_next/static/chunks/afa34_next_dist_client_9206905b._.js:5949
[  173125ms] [LOG] [Fast Refresh] done in 274ms @ http://localhost:3000/_next/static/chunks/afa34_next_dist_client_9206905b._.js:5809
[  173698ms] [INFO] %cDownload the React DevTools for a better development experience: https://react.dev/link/react-devtools font-weight:bold @ http://localhost:3000/_next/static/chunks/afa34_next_dist_compiled_react-dom_df9b25ef._.js:14537
[  173736ms] [WARNING] Image with src "https://images.unsplash.com/photo-1516734212186-a967f81ad0d7?w=800&q=80" was detected as the Largest Contentful Paint (LCP). Please add the "priority" property if this image is above the fold.
Read more: https://nextjs.org/docs/api-reference/next/image#priority @ http://localhost:3000/_next/static/chunks/afa34_next_dist_ac59402a._.js:968
[  173745ms] [WARNING] Image with src "https://images.unsplash.com/photo-1516734212186-a967f81ad0d7?w=800&q=80" has "fill" but is missing "sizes" prop. Please add it to improve page performance. Read more: https://nextjs.org/docs/api-reference/next/image#sizes @ http://localhost:3000/_next/static/chunks/afa34_next_dist_ac59402a._.js:968
[  178763ms] [INFO] %cDownload the React DevTools for a better development experience: https://react.dev/link/react-devtools font-weight:bold @ http://localhost:3000/_next/static/chunks/afa34_next_dist_compiled_react-dom_df9b25ef._.js:14537
[  181415ms] [INFO] %cDownload the React DevTools for a better development experience: https://react.dev/link/react-devtools font-weight:bold @ http://localhost:3000/_next/static/chunks/afa34_next_dist_compiled_react-dom_df9b25ef._.js:14537
[  181452ms] [WARNING] Image with src "https://images.unsplash.com/photo-1514888286974-6c03e2ca1dba?auto=format&fit=crop&w=800&q=80" was detected as the Largest Contentful Paint (LCP). Please add the "priority" property if this image is above the fold.
Read more: https://nextjs.org/docs/api-reference/next/image#priority @ http://localhost:3000/_next/static/chunks/afa34_next_dist_ac59402a._.js:968
[  181464ms] [WARNING] Image with src "https://images.unsplash.com/photo-1514888286974-6c03e2ca1dba?auto=format&fit=crop&w=800&q=80" has "fill" but is missing "sizes" prop. Please add it to improve page performance. Read more: https://nextjs.org/docs/api-reference/next/image#sizes @ http://localhost:3000/_next/static/chunks/afa34_next_dist_ac59402a._.js:968
[  181464ms] [WARNING] Image with src "https://images.unsplash.com/photo-1587300003388-59208cc962cb?w=800&q=80" has "fill" but is missing "sizes" prop. Please add it to improve page performance. Read more: https://nextjs.org/docs/api-reference/next/image#sizes @ http://localhost:3000/_next/static/chunks/afa34_next_dist_ac59402a._.js:968
[  184201ms] [INFO] %cDownload the React DevTools for a better development experience: https://react.dev/link/react-devtools font-weight:bold @ http://localhost:3000/_next/static/chunks/afa34_next_dist_compiled_react-dom_df9b25ef._.js:14537
[  185806ms] [INFO] %cDownload the React DevTools for a better development experience: https://react.dev/link/react-devtools font-weight:bold @ http://localhost:3000/_next/static/chunks/afa34_next_dist_compiled_react-dom_df9b25ef._.js:14537
[  185845ms] [WARNING] Image with src "https://images.unsplash.com/photo-1589941013453-ec89f33b5e95?w=800&q=80" was detected as the Largest Contentful Paint (LCP). Please add the "priority" property if this image is above the fold.
Read more: https://nextjs.org/docs/api-reference/next/image#priority @ http://localhost:3000/_next/static/chunks/afa34_next_dist_ac59402a._.js:968
[  185860ms] [WARNING] Image with src "https://images.unsplash.com/photo-1589941013453-ec89f33b5e95?w=800&q=80" has "fill" but is missing "sizes" prop. Please add it to improve page performance. Read more: https://nextjs.org/docs/api-reference/next/image#sizes @ http://localhost:3000/_next/static/chunks/afa34_next_dist_ac59402a._.js:968
[  187424ms] [INFO] %cDownload the React DevTools for a better development experience: https://react.dev/link/react-devtools font-weight:bold @ http://localhost:3000/_next/static/chunks/afa34_next_dist_compiled_react-dom_df9b25ef._.js:14537
[  189071ms] [INFO] %cDownload the React DevTools for a better development experience: https://react.dev/link/react-devtools font-weight:bold @ http://localhost:3000/_next/static/chunks/afa34_next_dist_compiled_react-dom_df9b25ef._.js:14537
[  189108ms] [WARNING] Image with src "https://images.unsplash.com/photo-1629909613654-28e377c37b09?w=800&q=80" was detected as the Largest Contentful Paint (LCP). Please add the "priority" property if this image is above the fold.
Read more: https://nextjs.org/docs/api-reference/next/image#priority @ http://localhost:3000/_next/static/chunks/afa34_next_dist_ac59402a._.js:968
[  189119ms] [WARNING] Image with src "https://images.unsplash.com/photo-1629909613654-28e377c37b09?w=800&q=80" has "fill" but is missing "sizes" prop. Please add it to improve page performance. Read more: https://nextjs.org/docs/api-reference/next/image#sizes @ http://localhost:3000/_next/static/chunks/afa34_next_dist_ac59402a._.js:968
[  189119ms] [WARNING] Image with src "https://images.unsplash.com/photo-1583337130417-3346a1be7dee?w=800&q=80" has "fill" but is missing "sizes" prop. Please add it to improve page performance. Read more: https://nextjs.org/docs/api-reference/next/image#sizes @ http://localhost:3000/_next/static/chunks/afa34_next_dist_ac59402a._.js:968
[  190726ms] [INFO] %cDownload the React DevTools for a better development experience: https://react.dev/link/react-devtools font-weight:bold @ http://localhost:3000/_next/static/chunks/afa34_next_dist_compiled_react-dom_df9b25ef._.js:14537
[  191763ms] [INFO] %cDownload the React DevTools for a better development experience: https://react.dev/link/react-devtools font-weight:bold @ http://localhost:3000/_next/static/chunks/afa34_next_dist_compiled_react-dom_df9b25ef._.js:14537
[  191797ms] [WARNING] Image with src "https://images.unsplash.com/photo-1601758228041-f3b2795255f1?w=800&q=80" was detected as the Largest Contentful Paint (LCP). Please add the "priority" property if this image is above the fold.
Read more: https://nextjs.org/docs/api-reference/next/image#priority @ http://localhost:3000/_next/static/chunks/afa34_next_dist_ac59402a._.js:968
[  191805ms] [WARNING] Image with src "https://images.unsplash.com/photo-1601758228041-f3b2795255f1?w=800&q=80" has "fill" but is missing "sizes" prop. Please add it to improve page performance. Read more: https://nextjs.org/docs/api-reference/next/image#sizes @ http://localhost:3000/_next/static/chunks/afa34_next_dist_ac59402a._.js:968
[  193989ms] [INFO] %cDownload the React DevTools for a better development experience: https://react.dev/link/react-devtools font-weight:bold @ http://localhost:3000/_next/static/chunks/afa34_next_dist_compiled_react-dom_df9b25ef._.js:14537
[  195872ms] [INFO] %cDownload the React DevTools for a better development experience: https://react.dev/link/react-devtools font-weight:bold @ http://localhost:3000/_next/static/chunks/afa34_next_dist_compiled_react-dom_df9b25ef._.js:14537
[  196119ms] [WARNING] Image with src "https://images.unsplash.com/photo-1544161513-0179fe746fd5?w=800&q=80" has "fill" but is missing "sizes" prop. Please add it to improve page performance. Read more: https://nextjs.org/docs/api-reference/next/image#sizes @ http://localhost:3000/_next/static/chunks/afa34_next_dist_ac59402a._.js:968
[  196139ms] [WARNING] Image with src "https://images.unsplash.com/photo-1544161513-0179fe746fd5?w=800&q=80" was detected as the Largest Contentful Paint (LCP). Please add the "priority" property if this image is above the fold.
Read more: https://nextjs.org/docs/api-reference/next/image#priority @ http://localhost:3000/_next/static/chunks/afa34_next_dist_ac59402a._.js:968
[  197657ms] [INFO] %cDownload the React DevTools for a better development experience: https://react.dev/link/react-devtools font-weight:bold @ http://localhost:3000/_next/static/chunks/afa34_next_dist_compiled_react-dom_df9b25ef._.js:14537
[  200757ms] [WARNING] The resource http://localhost:3000/_next/image?url=https%3A%2F%2Fimages.unsplash.com%2Fphoto-1589941013453-ec89f33b5e95%3Fw%3D800%26q%3D80&w=256&q=75 was preloaded using link preload but not used within a few seconds from the window's load event. Please make sure it has an appropriate `as` value and it is preloaded intentionally. @ http://localhost:3000/products:0
[  200757ms] [WARNING] The resource http://localhost:3000/_next/image?url=https%3A%2F%2Fimages.unsplash.com%2Fphoto-1583337130417-3346a1be7dee%3Fw%3D800%26q%3D80&w=256&q=75 was preloaded using link preload but not used within a few seconds from the window's load event. Please make sure it has an appropriate `as` value and it is preloaded intentionally. @ http://localhost:3000/products:0
[  217859ms] [LOG] [Fast Refresh] rebuilding @ http://localhost:3000/_next/static/chunks/afa34_next_dist_client_9206905b._.js:5949
[  218423ms] [LOG] [Fast Refresh] done in 636ms @ http://localhost:3000/_next/static/chunks/afa34_next_dist_client_9206905b._.js:5809
[  221403ms] [WARNING] The resource http://localhost:3000/_next/image?url=https%3A%2F%2Fimages.unsplash.com%2Fphoto-1589941013453-ec89f33b5e95%3Fw%3D800%26q%3D80&w=256&q=75 was preloaded using link preload but not used within a few seconds from the window's load event. Please make sure it has an appropriate `as` value and it is preloaded intentionally. @ http://localhost:3000/products:0
[  221403ms] [WARNING] The resource http://localhost:3000/_next/image?url=https%3A%2F%2Fimages.unsplash.com%2Fphoto-1583337130417-3346a1be7dee%3Fw%3D800%26q%3D80&w=256&q=75 was preloaded using link preload but not used within a few seconds from the window's load event. Please make sure it has an appropriate `as` value and it is preloaded intentionally. @ http://localhost:3000/products:0
[  256272ms] [WARNING] The resource http://localhost:3000/_next/image?url=https%3A%2F%2Fimages.unsplash.com%2Fphoto-1589941013453-ec89f33b5e95%3Fw%3D800%26q%3D80&w=256&q=75 was preloaded using link preload but not used within a few seconds from the window's load event. Please make sure it has an appropriate `as` value and it is preloaded intentionally. @ http://localhost:3000/cart:0
[  261597ms] [INFO] %cDownload the React DevTools for a better development experience: https://react.dev/link/react-devtools font-weight:bold @ http://localhost:3000/_next/static/chunks/afa34_next_dist_compiled_react-dom_df9b25ef._.js:14537
[  266592ms] [LOG] [Fast Refresh] rebuilding @ http://localhost:3000/_next/static/chunks/afa34_next_dist_client_9206905b._.js:5949
[  266677ms] [LOG] [Fast Refresh] done in 186ms @ http://localhost:3000/_next/static/chunks/afa34_next_dist_client_9206905b._.js:5809
[  266742ms] [INFO] %cDownload the React DevTools for a better development experience: https://react.dev/link/react-devtools font-weight:bold @ http://localhost:3000/_next/static/chunks/afa34_next_dist_compiled_react-dom_df9b25ef._.js:14537
[  326359ms] [INFO] %cDownload the React DevTools for a better development experience: https://react.dev/link/react-devtools font-weight:bold @ http://localhost:3000/_next/static/chunks/afa34_next_dist_compiled_react-dom_df9b25ef._.js:14537
[  424584ms] [WARNING] The resource http://localhost:3000/_next/image?url=https%3A%2F%2Fimages.unsplash.com%2Fphoto-1583337130417-3346a1be7dee%3Fw%3D800%26q%3D80&w=256&q=75 was preloaded using link preload but not used within a few seconds from the window's load event. Please make sure it has an appropriate `as` value and it is preloaded intentionally. @ http://localhost:3000/products:0
