[    3837ms] [INFO] %cDownload the React DevTools for a better development experience: https://react.dev/link/react-devtools font-weight:bold @ http://localhost:3000/_next/static/chunks/afa34_next_dist_compiled_react-dom_df9b25ef._.js:14537
[    3860ms] [WARNING] %c%s%c  ⚠ Unsupported metadata viewport is configured in metadata export in /products. Please move it to viewport export instead.
Read more: https://nextjs.org/docs/app/api-reference/functions/generate-viewport background: #e6e6e6;background: light-dark(rgba(0,0,0,0.1), rgba(255,255,255,0.25));color: #000000;color: light-dark(#000000, #ffffff);border-radius: 2px  Server   @ http://localhost:3000/_next/static/chunks/afa34_next_dist_compiled_ed284df6._.js:4874
[    3861ms] [WARNING] %c%s%c  ⚠ Unsupported metadata themeColor is configured in metadata export in /products. Please move it to viewport export instead.
Read more: https://nextjs.org/docs/app/api-reference/functions/generate-viewport background: #e6e6e6;background: light-dark(rgba(0,0,0,0.1), rgba(255,255,255,0.25));color: #000000;color: light-dark(#000000, #ffffff);border-radius: 2px  Server   @ http://localhost:3000/_next/static/chunks/afa34_next_dist_compiled_ed284df6._.js:4874
[    5625ms] [ERROR] Failed to load resource: the server responded with a status of 404 (Not Found) @ http://localhost:3000/_next/image?url=https%3A%2F%2Fimages.unsplash.com%2Fphoto-1570129477492-45a003537e1f%3Fw%3D500%26h%3D500%26fit%3Dcrop&w=256&q=75:0
[    5628ms] [ERROR] Failed to load resource: the server responded with a status of 404 (Not Found) @ http://localhost:3000/_next/image?url=https%3A%2F%2Fimages.unsplash.com%2Fphoto-1576091160550-112173f7f869%3Fw%3D500%26h%3D500%26fit%3Dcrop&w=256&q=75:0
[    5982ms] [WARNING] Image with src "https://images.unsplash.com/photo-1559027615-cd4628902d4a?w=500&h=500&fit=crop" was detected as the Largest Contentful Paint (LCP). Please add the "priority" property if this image is above the fold.
Read more: https://nextjs.org/docs/api-reference/next/image#priority @ http://localhost:3000/_next/static/chunks/afa34_next_dist_ac59402a._.js:968
[    6179ms] [ERROR] Failed to load resource: the server responded with a status of 404 (Not Found) @ http://localhost:3000/_next/image?url=https%3A%2F%2Fimages.unsplash.com%2Fphoto-1567270671170-a5c8b9a3acb3%3Fw%3D500%26h%3D500%26fit%3Dcrop&w=256&q=75:0
[    6187ms] [ERROR] Failed to load resource: the server responded with a status of 404 (Not Found) @ http://localhost:3000/_next/image?url=https%3A%2F%2Fimages.unsplash.com%2Fphoto-1608270861620-7bb877dc77fa%3Fw%3D500%26h%3D500%26fit%3Dcrop&w=256&q=75:0
[    6675ms] [ERROR] Failed to load resource: the server responded with a status of 404 (Not Found) @ http://localhost:3000/_next/image?url=https%3A%2F%2Fimages.unsplash.com%2Fphoto-1587854692152-cbe660dbde0e%3Fw%3D500%26h%3D500%26fit%3Dcrop&w=256&q=75:0
[   33130ms] [LOG] [Fast Refresh] rebuilding @ http://localhost:3000/_next/static/chunks/afa34_next_dist_client_9206905b._.js:5949
[   33518ms] [LOG] [Fast Refresh] done in 489ms @ http://localhost:3000/_next/static/chunks/afa34_next_dist_client_9206905b._.js:5809
[   33564ms] [WARNING] %c%s%c  ⚠ Unsupported metadata viewport is configured in metadata export in /. Please move it to viewport export instead.
Read more: https://nextjs.org/docs/app/api-reference/functions/generate-viewport background: #e6e6e6;background: light-dark(rgba(0,0,0,0.1), rgba(255,255,255,0.25));color: #000000;color: light-dark(#000000, #ffffff);border-radius: 2px  Server   @ http://localhost:3000/_next/static/chunks/afa34_next_dist_compiled_ed284df6._.js:4874
[   33564ms] [WARNING] %c%s%c  ⚠ Unsupported metadata themeColor is configured in metadata export in /. Please move it to viewport export instead.
Read more: https://nextjs.org/docs/app/api-reference/functions/generate-viewport background: #e6e6e6;background: light-dark(rgba(0,0,0,0.1), rgba(255,255,255,0.25));color: #000000;color: light-dark(#000000, #ffffff);border-radius: 2px  Server   @ http://localhost:3000/_next/static/chunks/afa34_next_dist_compiled_ed284df6._.js:4874
[   37160ms] [WARNING] %c%s%c  ⚠ Unsupported metadata viewport is configured in metadata export in /products. Please move it to viewport export instead.
Read more: https://nextjs.org/docs/app/api-reference/functions/generate-viewport background: #e6e6e6;background: light-dark(rgba(0,0,0,0.1), rgba(255,255,255,0.25));color: #000000;color: light-dark(#000000, #ffffff);border-radius: 2px  Server   @ http://localhost:3000/_next/static/chunks/afa34_next_dist_compiled_ed284df6._.js:4874
[   37160ms] [WARNING] %c%s%c  ⚠ Unsupported metadata themeColor is configured in metadata export in /products. Please move it to viewport export instead.
Read more: https://nextjs.org/docs/app/api-reference/functions/generate-viewport background: #e6e6e6;background: light-dark(rgba(0,0,0,0.1), rgba(255,255,255,0.25));color: #000000;color: light-dark(#000000, #ffffff);border-radius: 2px  Server   @ http://localhost:3000/_next/static/chunks/afa34_next_dist_compiled_ed284df6._.js:4874
[   37787ms] [ERROR] Failed to load resource: the server responded with a status of 404 (Not Found) @ http://localhost:3000/_next/image?url=https%3A%2F%2Fimages.unsplash.com%2Fphoto-1570129477492-45a003537e1f%3Fw%3D500%26h%3D500%26fit%3Dcrop&w=256&q=75:0
[   37795ms] [ERROR] Failed to load resource: the server responded with a status of 404 (Not Found) @ http://localhost:3000/_next/image?url=https%3A%2F%2Fimages.unsplash.com%2Fphoto-1608270861620-7bb877dc77fa%3Fw%3D500%26h%3D500%26fit%3Dcrop&w=256&q=75:0
[   37796ms] [ERROR] Failed to load resource: the server responded with a status of 404 (Not Found) @ http://localhost:3000/_next/image?url=https%3A%2F%2Fimages.unsplash.com%2Fphoto-1587854692152-cbe660dbde0e%3Fw%3D500%26h%3D500%26fit%3Dcrop&w=256&q=75:0
[   37807ms] [ERROR] Failed to load resource: the server responded with a status of 404 (Not Found) @ http://localhost:3000/_next/image?url=https%3A%2F%2Fimages.unsplash.com%2Fphoto-1567270671170-a5c8b9a3acb3%3Fw%3D500%26h%3D500%26fit%3Dcrop&w=256&q=75:0
[   37839ms] [ERROR] Failed to load resource: the server responded with a status of 404 (Not Found) @ http://localhost:3000/_next/image?url=https%3A%2F%2Fimages.unsplash.com%2Fphoto-1576091160550-112173f7f869%3Fw%3D500%26h%3D500%26fit%3Dcrop&w=256&q=75:0
